  [1m[36m (1.5ms)[0m  [1mCREATE TABLE "schema_migrations" ("version" varchar NOT NULL) [0m
  [1m[35m (0.1ms)[0m  select sqlite_version(*)
  [1m[36m (1.4ms)[0m  [1mCREATE UNIQUE INDEX "unique_schema_migrations" ON "schema_migrations" ("version")[0m
  [1m[35mActiveRecord::SchemaMigration Load (0.1ms)[0m  SELECT "schema_migrations".* FROM "schema_migrations"
Migrating to CreateUsers (20150219193145)
  [1m[36m (0.1ms)[0m  [1mbegin transaction[0m
  [1m[35m (0.4ms)[0m  CREATE TABLE "users" ("id" INTEGER PRIMARY KEY AUTOINCREMENT NOT NULL, "email" varchar, "password" varchar, "username" varchar, "photo" varchar, "admin" boolean, "signature" varchar, "created_at" datetime NOT NULL, "updated_at" datetime NOT NULL) 
  [1m[36mSQL (0.2ms)[0m  [1mINSERT INTO "schema_migrations" ("version") VALUES (?)[0m  [["version", "20150219193145"]]
  [1m[35m (1.2ms)[0m  commit transaction
  [1m[36mActiveRecord::SchemaMigration Load (0.1ms)[0m  [1mSELECT "schema_migrations".* FROM "schema_migrations"[0m
  [1m[36mUser Load (12.0ms)[0m  [1mSELECT  "users".* FROM "users" WHERE "users"."id" = ? LIMIT 1[0m  [["id", 1]]
  [1m[36m (0.2ms)[0m  [1mbegin transaction[0m
  [1m[35mUser Exists (6.9ms)[0m  SELECT  1 AS one FROM "users" WHERE "users"."email" = 'mayar.bassel.ali@gmail.com' LIMIT 1
  [1m[36mSQL (1.2ms)[0m  [1mINSERT INTO "users" ("email", "password", "admin", "created_at", "updated_at") VALUES (?, ?, ?, ?, ?)[0m  [["email", "mayar.bassel.ali@gmail.com"], ["password", "Maya123"], ["admin", "t"], ["created_at", "2015-02-19 19:59:12.423517"], ["updated_at", "2015-02-19 19:59:12.423517"]]
  [1m[35m (5.3ms)[0m  commit transaction
  [1m[36mUser Load (0.3ms)[0m  [1mSELECT  "users".* FROM "users" WHERE "users"."id" = ? LIMIT 1[0m  [["id", 1]]
  [1m[35mUser Load (0.3ms)[0m  SELECT  "users".* FROM "users" WHERE "users"."id" = ? LIMIT 1  [["id", 1]]
  [1m[36m (0.1ms)[0m  [1mbegin transaction[0m
  [1m[35mUser Exists (0.2ms)[0m  SELECT  1 AS one FROM "users" WHERE ("users"."email" = 'mayar.bassel.ali@gmail.com' AND "users"."id" != 1) LIMIT 1
  [1m[36mSQL (0.5ms)[0m  [1mUPDATE "users" SET "username" = ?, "updated_at" = ? WHERE "users"."id" = ?[0m  [["username", "Mayar Bassel"], ["updated_at", "2015-02-19 19:59:56.749239"], ["id", 1]]
  [1m[35m (21.8ms)[0m  commit transaction
  [1m[36m (0.1ms)[0m  [1mbegin transaction[0m
  [1m[35mUser Exists (0.3ms)[0m  SELECT  1 AS one FROM "users" WHERE "users"."email" = 'ansay260@gmail.com' LIMIT 1
  [1m[36mSQL (6.4ms)[0m  [1mINSERT INTO "users" ("email", "password", "admin", "username", "created_at", "updated_at") VALUES (?, ?, ?, ?, ?, ?)[0m  [["email", "ansay260@gmail.com"], ["password", "Ansary123"], ["admin", "t"], ["username", "Mohammed Ansary"], ["created_at", "2015-02-19 20:04:22.854110"], ["updated_at", "2015-02-19 20:04:22.854110"]]
  [1m[35m (1.3ms)[0m  commit transaction
  [1m[36m (0.1ms)[0m  [1mbegin transaction[0m
  [1m[35mUser Exists (0.2ms)[0m  SELECT  1 AS one FROM "users" WHERE "users"."email" = 'bmagdy76@gmail.com' LIMIT 1
  [1m[36mSQL (0.3ms)[0m  [1mINSERT INTO "users" ("email", "password", "admin", "username", "created_at", "updated_at") VALUES (?, ?, ?, ?, ?, ?)[0m  [["email", "bmagdy76@gmail.com"], ["password", "Bassem123"], ["admin", "t"], ["username", "Bassem Magdy"], ["created_at", "2015-02-19 20:05:02.588837"], ["updated_at", "2015-02-19 20:05:02.588837"]]
  [1m[35m (1.2ms)[0m  commit transaction
  [1m[36m (0.4ms)[0m  [1mbegin transaction[0m
  [1m[35mUser Exists (0.3ms)[0m  SELECT  1 AS one FROM "users" WHERE "users"."email" = 'o.essameldin@gmail.com' LIMIT 1
  [1m[36mSQL (0.3ms)[0m  [1mINSERT INTO "users" ("email", "password", "admin", "username", "created_at", "updated_at") VALUES (?, ?, ?, ?, ?, ?)[0m  [["email", "o.essameldin@gmail.com"], ["password", "Omar123"], ["admin", "t"], ["username", "Omar Essam"], ["created_at", "2015-02-19 20:05:37.435966"], ["updated_at", "2015-02-19 20:05:37.435966"]]
  [1m[35m (1.4ms)[0m  commit transaction
  [1m[36m (0.3ms)[0m  [1mbegin transaction[0m
  [1m[35mUser Exists (0.5ms)[0m  SELECT  1 AS one FROM "users" WHERE "users"."email" = 'omarelhariry139@gmail.com' LIMIT 1
  [1m[36mSQL (0.3ms)[0m  [1mINSERT INTO "users" ("email", "password", "admin", "username", "created_at", "updated_at") VALUES (?, ?, ?, ?, ?, ?)[0m  [["email", "omarelhariry139@gmail.com"], ["password", "Hariry123"], ["admin", "t"], ["username", "Omar ElHariry"], ["created_at", "2015-02-19 20:06:29.239279"], ["updated_at", "2015-02-19 20:06:29.239279"]]
  [1m[35m (1.2ms)[0m  commit transaction
  [1m[36m (0.1ms)[0m  [1mbegin transaction[0m
  [1m[35mUser Exists (0.3ms)[0m  SELECT  1 AS one FROM "users" WHERE "users"."email" = 'mohabashraf466@gmail.com' LIMIT 1
  [1m[36mSQL (0.3ms)[0m  [1mINSERT INTO "users" ("email", "password", "admin", "username", "created_at", "updated_at") VALUES (?, ?, ?, ?, ?, ?)[0m  [["email", "mohabashraf466@gmail.com"], ["password", "Mohab123"], ["admin", "t"], ["username", "Mohab Ashraf"], ["created_at", "2015-02-19 20:07:07.664765"], ["updated_at", "2015-02-19 20:07:07.664765"]]
  [1m[35m (1.3ms)[0m  commit transaction
  [1m[36m (0.1ms)[0m  [1mbegin transaction[0m
  [1m[35mUser Exists (0.4ms)[0m  SELECT  1 AS one FROM "users" WHERE "users"."email" = 'andrewtawf@gmail.com' LIMIT 1
  [1m[36mSQL (0.4ms)[0m  [1mINSERT INTO "users" ("email", "password", "admin", "username", "created_at", "updated_at") VALUES (?, ?, ?, ?, ?, ?)[0m  [["email", "andrewtawf@gmail.com"], ["password", "Andrew123"], ["admin", "t"], ["username", "Andrew Tawfiq"], ["created_at", "2015-02-19 20:08:08.501939"], ["updated_at", "2015-02-19 20:08:08.501939"]]
  [1m[35m (1.4ms)[0m  commit transaction
  [1m[36m (0.1ms)[0m  [1mbegin transaction[0m
  [1m[35mUser Exists (0.2ms)[0m  SELECT  1 AS one FROM "users" WHERE "users"."email" = 'minahany94@gmail.com' LIMIT 1
  [1m[36mSQL (0.2ms)[0m  [1mINSERT INTO "users" ("email", "password", "admin", "username", "created_at", "updated_at") VALUES (?, ?, ?, ?, ?, ?)[0m  [["email", "minahany94@gmail.com"], ["password", "Mina123"], ["admin", "t"], ["username", "Mina Hany"], ["created_at", "2015-02-19 20:08:36.028665"], ["updated_at", "2015-02-19 20:08:36.028665"]]
  [1m[35m (1.5ms)[0m  commit transaction
  [1m[36mUser Load (0.2ms)[0m  [1mSELECT  "users".* FROM "users" WHERE "users"."id" = ? LIMIT 1[0m  [["id", 1]]
  [1m[35mUser Load (0.3ms)[0m  SELECT  "users".* FROM "users" WHERE "users"."id" = ? LIMIT 1  [["id", 2]]
  [1m[36mUser Load (0.3ms)[0m  [1mSELECT  "users".* FROM "users" WHERE "users"."id" = ? LIMIT 1[0m  [["id", 3]]
  [1m[35mUser Load (0.3ms)[0m  SELECT  "users".* FROM "users" WHERE "users"."id" = ? LIMIT 1  [["id", 8]]
  [1m[36mUser Load (0.8ms)[0m  [1mSELECT  "users".* FROM "users" WHERE "users"."id" = ? LIMIT 1[0m  [["id", 1]]
