

Started GET "/" for ::1 at 2015-02-27 17:27:29 +0200
  [1m[36mActiveRecord::SchemaMigration Load (0.6ms)[0m  [1mSELECT "schema_migrations".* FROM "schema_migrations"[0m
Processing by PostsController#index as HTML
  [1m[35mPost Load (0.8ms)[0m  SELECT "posts".* FROM "posts"  ORDER BY id DESC
  [1m[36mUser Load (0.7ms)[0m  [1mSELECT  "users".* FROM "users" WHERE "users"."id" = ? LIMIT 1[0m  [["id", 1]]
  [1m[35mCACHE (0.0ms)[0m  SELECT  "users".* FROM "users" WHERE "users"."id" = ? LIMIT 1  [["id", 1]]
  [1m[36mCACHE (0.0ms)[0m  [1mSELECT  "users".* FROM "users" WHERE "users"."id" = ? LIMIT 1[0m  [["id", 1]]
  [1m[35mUser Load (0.3ms)[0m  SELECT  "users".* FROM "users" WHERE "users"."id" = ?  ORDER BY "users"."id" ASC LIMIT 1  [["id", 7]]
  [1m[36mCategory Load (0.5ms)[0m  [1mSELECT "categories".* FROM "categories"[0m
  [1m[35mUser Load (0.2ms)[0m  SELECT  "users".* FROM "users" WHERE "users"."id" = ? LIMIT 1  [["id", 7]]
  Rendered posts/index.html.erb within layouts/application (161.8ms)
Completed 200 OK in 3569ms (Views: 3512.2ms | ActiveRecord: 3.9ms)


Started GET "/assets/dashboard-64e62ddc273c2f5847f30d698ca14b67.css?body=1" for ::1 at 2015-02-27 17:27:32 +0200


Started GET "/assets/categories-64e62ddc273c2f5847f30d698ca14b67.css?body=1" for ::1 at 2015-02-27 17:27:33 +0200


Started GET "/assets/home-64e62ddc273c2f5847f30d698ca14b67.css?body=1" for ::1 at 2015-02-27 17:27:33 +0200


Started GET "/fonts/glyphicons-halflings-regular.woff" for ::1 at 2015-02-27 17:27:33 +0200

ActionController::RoutingError (No route matches [GET] "/fonts/glyphicons-halflings-regular.woff"):
  web-console (2.0.0) lib/action_dispatch/debug_exceptions.rb:22:in `middleware_call'
  web-console (2.0.0) lib/action_dispatch/debug_exceptions.rb:13:in `call'
  actionpack (4.2.0) lib/action_dispatch/middleware/show_exceptions.rb:30:in `call'
  railties (4.2.0) lib/rails/rack/logger.rb:38:in `call_app'
  railties (4.2.0) lib/rails/rack/logger.rb:20:in `block in call'
  activesupport (4.2.0) lib/active_support/tagged_logging.rb:68:in `block in tagged'
  activesupport (4.2.0) lib/active_support/tagged_logging.rb:26:in `tagged'
  activesupport (4.2.0) lib/active_support/tagged_logging.rb:68:in `tagged'
  railties (4.2.0) lib/rails/rack/logger.rb:20:in `call'
  actionpack (4.2.0) lib/action_dispatch/middleware/request_id.rb:21:in `call'
  rack (1.6.0) lib/rack/methodoverride.rb:22:in `call'
  rack (1.6.0) lib/rack/runtime.rb:18:in `call'
  activesupport (4.2.0) lib/active_support/cache/strategy/local_cache_middleware.rb:28:in `call'
  rack (1.6.0) lib/rack/lock.rb:17:in `call'
  actionpack (4.2.0) lib/action_dispatch/middleware/static.rb:113:in `call'
  rack (1.6.0) lib/rack/sendfile.rb:113:in `call'
  railties (4.2.0) lib/rails/engine.rb:518:in `call'
  railties (4.2.0) lib/rails/application.rb:164:in `call'
  rack (1.6.0) lib/rack/lock.rb:17:in `call'
  rack (1.6.0) lib/rack/content_length.rb:15:in `call'
  rack (1.6.0) lib/rack/handler/webrick.rb:89:in `service'
  /System/Library/Frameworks/Ruby.framework/Versions/2.0/usr/lib/ruby/2.0.0/webrick/httpserver.rb:138:in `service'
  /System/Library/Frameworks/Ruby.framework/Versions/2.0/usr/lib/ruby/2.0.0/webrick/httpserver.rb:94:in `run'
  /System/Library/Frameworks/Ruby.framework/Versions/2.0/usr/lib/ruby/2.0.0/webrick/server.rb:295:in `block in start_thread'


  Rendered /Library/Ruby/Gems/2.0.0/gems/web-console-2.0.0/lib/action_dispatch/templates/rescues/_trace.html.erb (1.7ms)
  Rendered /Library/Ruby/Gems/2.0.0/gems/web-console-2.0.0/lib/action_dispatch/templates/routes/_route.html.erb (5.2ms)
  Rendered /Library/Ruby/Gems/2.0.0/gems/web-console-2.0.0/lib/action_dispatch/templates/routes/_route.html.erb (0.3ms)
  Rendered /Library/Ruby/Gems/2.0.0/gems/web-console-2.0.0/lib/action_dispatch/templates/routes/_table.html.erb (13.3ms)
  Rendered /Library/Ruby/Gems/2.0.0/gems/web-console-2.0.0/lib/action_dispatch/templates/rescues/_request_and_response.html.erb (2.5ms)
  Rendered /Library/Ruby/Gems/2.0.0/gems/web-console-2.0.0/lib/action_dispatch/templates/rescues/_web_console.html.erb (1.2ms)
  Rendered /Library/Ruby/Gems/2.0.0/gems/web-console-2.0.0/lib/action_dispatch/templates/rescues/routing_error.html.erb within rescues/layout (86.7ms)


Started GET "/assets/glyphicons-halflings-regular.woff" for ::1 at 2015-02-27 17:27:33 +0200


Started GET "/fonts/glyphicons-halflings-regular.ttf" for ::1 at 2015-02-27 17:27:33 +0200

ActionController::RoutingError (No route matches [GET] "/fonts/glyphicons-halflings-regular.ttf"):
  web-console (2.0.0) lib/action_dispatch/debug_exceptions.rb:22:in `middleware_call'
  web-console (2.0.0) lib/action_dispatch/debug_exceptions.rb:13:in `call'
  actionpack (4.2.0) lib/action_dispatch/middleware/show_exceptions.rb:30:in `call'
  railties (4.2.0) lib/rails/rack/logger.rb:38:in `call_app'
  railties (4.2.0) lib/rails/rack/logger.rb:20:in `block in call'
  activesupport (4.2.0) lib/active_support/tagged_logging.rb:68:in `block in tagged'
  activesupport (4.2.0) lib/active_support/tagged_logging.rb:26:in `tagged'
  activesupport (4.2.0) lib/active_support/tagged_logging.rb:68:in `tagged'
  railties (4.2.0) lib/rails/rack/logger.rb:20:in `call'
  actionpack (4.2.0) lib/action_dispatch/middleware/request_id.rb:21:in `call'
  rack (1.6.0) lib/rack/methodoverride.rb:22:in `call'
  rack (1.6.0) lib/rack/runtime.rb:18:in `call'
  activesupport (4.2.0) lib/active_support/cache/strategy/local_cache_middleware.rb:28:in `call'
  rack (1.6.0) lib/rack/lock.rb:17:in `call'
  actionpack (4.2.0) lib/action_dispatch/middleware/static.rb:113:in `call'
  rack (1.6.0) lib/rack/sendfile.rb:113:in `call'
  railties (4.2.0) lib/rails/engine.rb:518:in `call'
  railties (4.2.0) lib/rails/application.rb:164:in `call'
  rack (1.6.0) lib/rack/lock.rb:17:in `call'
  rack (1.6.0) lib/rack/content_length.rb:15:in `call'
  rack (1.6.0) lib/rack/handler/webrick.rb:89:in `service'
  /System/Library/Frameworks/Ruby.framework/Versions/2.0/usr/lib/ruby/2.0.0/webrick/httpserver.rb:138:in `service'
  /System/Library/Frameworks/Ruby.framework/Versions/2.0/usr/lib/ruby/2.0.0/webrick/httpserver.rb:94:in `run'
  /System/Library/Frameworks/Ruby.framework/Versions/2.0/usr/lib/ruby/2.0.0/webrick/server.rb:295:in `block in start_thread'


  Rendered /Library/Ruby/Gems/2.0.0/gems/web-console-2.0.0/lib/action_dispatch/templates/rescues/_trace.html.erb (2.3ms)
  Rendered /Library/Ruby/Gems/2.0.0/gems/web-console-2.0.0/lib/action_dispatch/templates/routes/_route.html.erb (2.9ms)
  Rendered /Library/Ruby/Gems/2.0.0/gems/web-console-2.0.0/lib/action_dispatch/templates/routes/_route.html.erb (0.3ms)
  Rendered /Library/Ruby/Gems/2.0.0/gems/web-console-2.0.0/lib/action_dispatch/templates/routes/_table.html.erb (1.5ms)
  Rendered /Library/Ruby/Gems/2.0.0/gems/web-console-2.0.0/lib/action_dispatch/templates/rescues/_request_and_response.html.erb (1.3ms)
  Rendered /Library/Ruby/Gems/2.0.0/gems/web-console-2.0.0/lib/action_dispatch/templates/rescues/_web_console.html.erb (1.0ms)
  Rendered /Library/Ruby/Gems/2.0.0/gems/web-console-2.0.0/lib/action_dispatch/templates/rescues/routing_error.html.erb within rescues/layout (64.9ms)


Started GET "/fonts/glyphicons-halflings-regular.svg" for ::1 at 2015-02-27 17:27:34 +0200

ActionController::RoutingError (No route matches [GET] "/fonts/glyphicons-halflings-regular.svg"):
  web-console (2.0.0) lib/action_dispatch/debug_exceptions.rb:22:in `middleware_call'
  web-console (2.0.0) lib/action_dispatch/debug_exceptions.rb:13:in `call'
  actionpack (4.2.0) lib/action_dispatch/middleware/show_exceptions.rb:30:in `call'
  railties (4.2.0) lib/rails/rack/logger.rb:38:in `call_app'
  railties (4.2.0) lib/rails/rack/logger.rb:20:in `block in call'
  activesupport (4.2.0) lib/active_support/tagged_logging.rb:68:in `block in tagged'
  activesupport (4.2.0) lib/active_support/tagged_logging.rb:26:in `tagged'
  activesupport (4.2.0) lib/active_support/tagged_logging.rb:68:in `tagged'
  railties (4.2.0) lib/rails/rack/logger.rb:20:in `call'
  actionpack (4.2.0) lib/action_dispatch/middleware/request_id.rb:21:in `call'
  rack (1.6.0) lib/rack/methodoverride.rb:22:in `call'
  rack (1.6.0) lib/rack/runtime.rb:18:in `call'
  activesupport (4.2.0) lib/active_support/cache/strategy/local_cache_middleware.rb:28:in `call'
  rack (1.6.0) lib/rack/lock.rb:17:in `call'
  actionpack (4.2.0) lib/action_dispatch/middleware/static.rb:113:in `call'
  rack (1.6.0) lib/rack/sendfile.rb:113:in `call'
  railties (4.2.0) lib/rails/engine.rb:518:in `call'
  railties (4.2.0) lib/rails/application.rb:164:in `call'
  rack (1.6.0) lib/rack/lock.rb:17:in `call'
  rack (1.6.0) lib/rack/content_length.rb:15:in `call'
  rack (1.6.0) lib/rack/handler/webrick.rb:89:in `service'
  /System/Library/Frameworks/Ruby.framework/Versions/2.0/usr/lib/ruby/2.0.0/webrick/httpserver.rb:138:in `service'
  /System/Library/Frameworks/Ruby.framework/Versions/2.0/usr/lib/ruby/2.0.0/webrick/httpserver.rb:94:in `run'
  /System/Library/Frameworks/Ruby.framework/Versions/2.0/usr/lib/ruby/2.0.0/webrick/server.rb:295:in `block in start_thread'


  Rendered /Library/Ruby/Gems/2.0.0/gems/web-console-2.0.0/lib/action_dispatch/templates/rescues/_trace.html.erb (1.3ms)
  Rendered /Library/Ruby/Gems/2.0.0/gems/web-console-2.0.0/lib/action_dispatch/templates/routes/_route.html.erb (4.1ms)
  Rendered /Library/Ruby/Gems/2.0.0/gems/web-console-2.0.0/lib/action_dispatch/templates/routes/_route.html.erb (0.3ms)
  Rendered /Library/Ruby/Gems/2.0.0/gems/web-console-2.0.0/lib/action_dispatch/templates/routes/_table.html.erb (1.2ms)
  Rendered /Library/Ruby/Gems/2.0.0/gems/web-console-2.0.0/lib/action_dispatch/templates/rescues/_request_and_response.html.erb (1.3ms)
  Rendered /Library/Ruby/Gems/2.0.0/gems/web-console-2.0.0/lib/action_dispatch/templates/rescues/_web_console.html.erb (1.0ms)
  Rendered /Library/Ruby/Gems/2.0.0/gems/web-console-2.0.0/lib/action_dispatch/templates/rescues/routing_error.html.erb within rescues/layout (55.5ms)


Started DELETE "/users/sign_out" for ::1 at 2015-02-27 17:27:35 +0200
Processing by Devise::SessionsController#destroy as HTML
  Parameters: {"authenticity_token"=>"TgjjBXETsGxc/RQpZfUYtLgSodwuFd/80F8lIuoiXqQI4oBPHekHZ8p4MU3tIPp8xzz69uiH6S5nVoVCpT1wjQ=="}
  [1m[36mUser Load (0.2ms)[0m  [1mSELECT  "users".* FROM "users" WHERE "users"."id" = ?  ORDER BY "users"."id" ASC LIMIT 1[0m  [["id", 7]]
  [1m[35m (0.2ms)[0m  begin transaction
  [1m[36m (0.2ms)[0m  [1mcommit transaction[0m
Redirected to http://localhost:3000/
Completed 302 Found in 198ms (ActiveRecord: 0.5ms)


Started GET "/" for ::1 at 2015-02-27 17:27:36 +0200
Processing by PostsController#index as HTML
  [1m[35mPost Load (0.2ms)[0m  SELECT "posts".* FROM "posts"  ORDER BY id DESC
  [1m[36mUser Load (0.1ms)[0m  [1mSELECT  "users".* FROM "users" WHERE "users"."id" = ? LIMIT 1[0m  [["id", 1]]
  [1m[35mCACHE (0.0ms)[0m  SELECT  "users".* FROM "users" WHERE "users"."id" = ? LIMIT 1  [["id", 1]]
  [1m[36mCACHE (0.0ms)[0m  [1mSELECT  "users".* FROM "users" WHERE "users"."id" = ? LIMIT 1[0m  [["id", 1]]
  [1m[35mCategory Load (0.3ms)[0m  SELECT "categories".* FROM "categories"
  Rendered posts/index.html.erb within layouts/application (35.6ms)
Completed 200 OK in 429ms (Views: 427.3ms | ActiveRecord: 0.7ms)


Started GET "/users/sign_in" for ::1 at 2015-02-27 17:27:38 +0200
Processing by Devise::SessionsController#new as HTML
  Rendered devise/shared/_links.html.erb (16.4ms)
  Rendered devise/sessions/new.html.erb within layouts/application (39.3ms)
Completed 200 OK in 453ms (Views: 450.5ms | ActiveRecord: 0.0ms)


Started POST "/users/sign_in" for ::1 at 2015-02-27 17:27:49 +0200
Processing by Devise::SessionsController#create as HTML
  Parameters: {"utf8"=>"✓", "authenticity_token"=>"gIbeOHuMEf863tH21HIw0UzONg/vVIAwkxw/HweyVxteDn+TZziEl99eD7z6E9royyYgAePcZ4ye/54gHgTotg==", "user"=>{"email"=>"andrewtawf@gmail.com", "password"=>"[FILTERED]", "remember_me"=>"1"}, "commit"=>"Sign in"}
  [1m[36mUser Load (0.8ms)[0m  [1mSELECT  "users".* FROM "users" WHERE "users"."email" = ?  ORDER BY "users"."id" ASC LIMIT 1[0m  [["email", "andrewtawf@gmail.com"]]
  [1m[35m (0.1ms)[0m  begin transaction
  [1m[36mSQL (0.4ms)[0m  [1mUPDATE "users" SET "remember_created_at" = ?, "updated_at" = ? WHERE "users"."id" = ?[0m  [["remember_created_at", "2015-02-27 15:27:49.846156"], ["updated_at", "2015-02-27 15:27:49.847332"], ["id", 7]]
  [1m[35m (10.0ms)[0m  commit transaction
  [1m[36m (0.2ms)[0m  [1mbegin transaction[0m
  [1m[35mSQL (0.4ms)[0m  UPDATE "users" SET "current_sign_in_at" = ?, "sign_in_count" = ?, "updated_at" = ? WHERE "users"."id" = ?  [["current_sign_in_at", "2015-02-27 15:27:49.863889"], ["sign_in_count", 2], ["updated_at", "2015-02-27 15:27:49.866511"], ["id", 7]]
  [1m[36m (0.7ms)[0m  [1mcommit transaction[0m
Redirected to http://localhost:3000/
Completed 302 Found in 196ms (ActiveRecord: 12.6ms)


Started GET "/" for ::1 at 2015-02-27 17:27:49 +0200
Processing by PostsController#index as HTML
  [1m[35mPost Load (0.2ms)[0m  SELECT "posts".* FROM "posts"  ORDER BY id DESC
  [1m[36mUser Load (0.1ms)[0m  [1mSELECT  "users".* FROM "users" WHERE "users"."id" = ? LIMIT 1[0m  [["id", 1]]
  [1m[35mCACHE (0.0ms)[0m  SELECT  "users".* FROM "users" WHERE "users"."id" = ? LIMIT 1  [["id", 1]]
  [1m[36mCACHE (0.0ms)[0m  [1mSELECT  "users".* FROM "users" WHERE "users"."id" = ? LIMIT 1[0m  [["id", 1]]
  [1m[35mUser Load (0.1ms)[0m  SELECT  "users".* FROM "users" WHERE "users"."id" = ?  ORDER BY "users"."id" ASC LIMIT 1  [["id", 7]]
  [1m[36mCategory Load (0.1ms)[0m  [1mSELECT "categories".* FROM "categories"[0m
  [1m[35mUser Load (0.1ms)[0m  SELECT  "users".* FROM "users" WHERE "users"."id" = ? LIMIT 1  [["id", 7]]
  Rendered posts/index.html.erb within layouts/application (19.9ms)
Completed 200 OK in 418ms (Views: 416.5ms | ActiveRecord: 0.7ms)


Started GET "/posts/new" for ::1 at 2015-02-27 17:27:54 +0200
Processing by PostsController#new as HTML
  Rendered posts/_form.html.erb (6.7ms)
  Rendered posts/new.html.erb within layouts/application (9.7ms)
  [1m[36mUser Load (0.1ms)[0m  [1mSELECT  "users".* FROM "users" WHERE "users"."id" = ?  ORDER BY "users"."id" ASC LIMIT 1[0m  [["id", 7]]
Completed 200 OK in 387ms (Views: 385.5ms | ActiveRecord: 0.1ms)


Started GET "/assets/ckeditor/config.js?t=EAPE" for ::1 at 2015-02-27 17:27:54 +0200


Started GET "/assets/ckeditor/skins/moono/editor.css?t=EAPE" for ::1 at 2015-02-27 17:27:54 +0200


Started GET "/assets/ckeditor/lang/en.js?t=EAPE" for ::1 at 2015-02-27 17:27:54 +0200


Started GET "/assets/ckeditor/styles.js?t=EAPE" for ::1 at 2015-02-27 17:27:54 +0200


Started GET "/assets/ckeditor/skins/moono/icons.png" for ::1 at 2015-02-27 17:27:54 +0200


Started GET "/assets/ckeditor/contents.css?t=EAPE" for ::1 at 2015-02-27 17:27:54 +0200


Started POST "/posts" for ::1 at 2015-02-27 17:28:05 +0200
Processing by PostsController#create as HTML
  Parameters: {"utf8"=>"✓", "authenticity_token"=>"Kcr3ScXPsAxcS44FlO9oi9j2jd7ccvrXBjW54tYW4gfRych5IqXZyYBcLw1fVxk7hl2PjjGRQhFO5lxqkTM49g==", "post"=>{"category"=>"Tes", "title"=>"", "content"=>"", "timing"=>""}, "commit"=>"Create Post"}
  [1m[35mUser Load (0.1ms)[0m  SELECT  "users".* FROM "users" WHERE "users"."id" = ?  ORDER BY "users"."id" ASC LIMIT 1  [["id", 7]]
  [1m[36m (0.1ms)[0m  [1mbegin transaction[0m
  [1m[35mSQL (1.1ms)[0m  INSERT INTO "posts" ("category", "title", "content", "user_id", "created_at", "updated_at") VALUES (?, ?, ?, ?, ?, ?)  [["category", "Tes"], ["title", ""], ["content", ""], ["user_id", 7], ["created_at", "2015-02-27 15:28:05.288444"], ["updated_at", "2015-02-27 15:28:05.288444"]]
  [1m[36m (1.1ms)[0m  [1mcommit transaction[0m
  [1m[35mCategory Load (0.2ms)[0m  SELECT "categories".* FROM "categories"
  [1m[36m (0.0ms)[0m  [1mbegin transaction[0m
  [1m[35mSQL (0.3ms)[0m  INSERT INTO "categories" ("name", "created_at", "updated_at") VALUES (?, ?, ?)  [["name", "Tes"], ["created_at", "2015-02-27 15:28:05.294542"], ["updated_at", "2015-02-27 15:28:05.294542"]]
  [1m[36m (0.9ms)[0m  [1mcommit transaction[0m
Redirected to http://localhost:3000/posts/2
Completed 302 Found in 14ms (ActiveRecord: 3.9ms)


Started GET "/posts/2" for ::1 at 2015-02-27 17:28:05 +0200
Processing by PostsController#show as HTML
  Parameters: {"id"=>"2"}
  [1m[35mPost Load (0.2ms)[0m  SELECT  "posts".* FROM "posts" WHERE "posts"."id" = ? LIMIT 1  [["id", 2]]
  [1m[36mCACHE (0.0ms)[0m  [1mSELECT  "posts".* FROM "posts" WHERE "posts"."id" = ? LIMIT 1[0m  [["id", "2"]]
  [1m[35mUser Load (0.2ms)[0m  SELECT  "users".* FROM "users" WHERE "users"."id" = ?  ORDER BY "users"."id" ASC LIMIT 1  [["id", 7]]
  [1m[36mComment Load (0.7ms)[0m  [1mSELECT "comments".* FROM "comments" WHERE "comments"."post_id" = ?[0m  [["post_id", 2]]
  Rendered posts/show.html.erb within layouts/application (10.7ms)
Completed 200 OK in 452ms (Views: 434.5ms | ActiveRecord: 1.5ms)


Started GET "/" for ::1 at 2015-02-27 17:28:13 +0200
Processing by PostsController#index as HTML
  [1m[35mPost Load (0.2ms)[0m  SELECT "posts".* FROM "posts"  ORDER BY id DESC
  [1m[36mUser Load (0.1ms)[0m  [1mSELECT  "users".* FROM "users" WHERE "users"."id" = ? LIMIT 1[0m  [["id", 7]]
  [1m[35mCACHE (0.0ms)[0m  SELECT  "users".* FROM "users" WHERE "users"."id" = ? LIMIT 1  [["id", 7]]
  [1m[36mCACHE (0.0ms)[0m  [1mSELECT  "users".* FROM "users" WHERE "users"."id" = ? LIMIT 1[0m  [["id", 7]]
  [1m[35mUser Load (0.1ms)[0m  SELECT  "users".* FROM "users" WHERE "users"."id" = ?  ORDER BY "users"."id" ASC LIMIT 1  [["id", 7]]
  [1m[36mUser Load (0.1ms)[0m  [1mSELECT  "users".* FROM "users" WHERE "users"."id" = ? LIMIT 1[0m  [["id", 1]]
  [1m[35mCACHE (0.0ms)[0m  SELECT  "users".* FROM "users" WHERE "users"."id" = ? LIMIT 1  [["id", 1]]
  [1m[36mCACHE (0.0ms)[0m  [1mSELECT  "users".* FROM "users" WHERE "users"."id" = ? LIMIT 1[0m  [["id", 1]]
  [1m[35mCategory Load (0.2ms)[0m  SELECT "categories".* FROM "categories"
  [1m[36mCACHE (0.0ms)[0m  [1mSELECT  "users".* FROM "users" WHERE "users"."id" = ? LIMIT 1[0m  [["id", 7]]
  Rendered posts/index.html.erb within layouts/application (21.4ms)
Completed 200 OK in 412ms (Views: 410.6ms | ActiveRecord: 0.7ms)


Started GET "/" for ::1 at 2015-02-27 17:28:14 +0200
Processing by PostsController#index as HTML
  [1m[35mPost Load (0.2ms)[0m  SELECT "posts".* FROM "posts"  ORDER BY id DESC
  [1m[36mUser Load (0.1ms)[0m  [1mSELECT  "users".* FROM "users" WHERE "users"."id" = ? LIMIT 1[0m  [["id", 7]]
  [1m[35mCACHE (0.0ms)[0m  SELECT  "users".* FROM "users" WHERE "users"."id" = ? LIMIT 1  [["id", 7]]
  [1m[36mCACHE (0.0ms)[0m  [1mSELECT  "users".* FROM "users" WHERE "users"."id" = ? LIMIT 1[0m  [["id", 7]]
  [1m[35mUser Load (0.1ms)[0m  SELECT  "users".* FROM "users" WHERE "users"."id" = ?  ORDER BY "users"."id" ASC LIMIT 1  [["id", 7]]
  [1m[36mUser Load (0.1ms)[0m  [1mSELECT  "users".* FROM "users" WHERE "users"."id" = ? LIMIT 1[0m  [["id", 1]]
  [1m[35mCACHE (0.0ms)[0m  SELECT  "users".* FROM "users" WHERE "users"."id" = ? LIMIT 1  [["id", 1]]
  [1m[36mCACHE (0.0ms)[0m  [1mSELECT  "users".* FROM "users" WHERE "users"."id" = ? LIMIT 1[0m  [["id", 1]]
  [1m[35mCategory Load (0.1ms)[0m  SELECT "categories".* FROM "categories"
  [1m[36mCACHE (0.0ms)[0m  [1mSELECT  "users".* FROM "users" WHERE "users"."id" = ? LIMIT 1[0m  [["id", 7]]
  Rendered posts/index.html.erb within layouts/application (90.0ms)
Completed 200 OK in 502ms (Views: 499.6ms | ActiveRecord: 0.9ms)


Started DELETE "/posts/2" for ::1 at 2015-02-27 17:28:19 +0200
Processing by PostsController#destroy as HTML
  Parameters: {"authenticity_token"=>"yS4vvJrqwZmoam0q33eJww+RB8j0VerUmqaCb8aMKSAxLRCMfYCoXHR9zCIUz/hzUToFmBm2UhLSdWfnganz0Q==", "id"=>"2"}
  [1m[35mPost Load (0.2ms)[0m  SELECT  "posts".* FROM "posts" WHERE "posts"."id" = ? LIMIT 1  [["id", 2]]
  [1m[36mUser Load (0.3ms)[0m  [1mSELECT  "users".* FROM "users" WHERE "users"."id" = ? LIMIT 1[0m  [["id", 7]]
  [1m[35mUser Load (0.2ms)[0m  SELECT  "users".* FROM "users" WHERE "users"."id" = ?  ORDER BY "users"."id" ASC LIMIT 1  [["id", 7]]
  [1m[36m (0.1ms)[0m  [1mbegin transaction[0m
  [1m[35mSQL (0.4ms)[0m  DELETE FROM "posts" WHERE "posts"."id" = ?  [["id", 2]]
  [1m[36m (0.8ms)[0m  [1mcommit transaction[0m
Redirected to http://localhost:3000/posts
Completed 302 Found in 9ms (ActiveRecord: 1.9ms)


Started GET "/posts" for ::1 at 2015-02-27 17:28:19 +0200
Processing by PostsController#index as HTML
  [1m[35mPost Load (0.2ms)[0m  SELECT "posts".* FROM "posts"  ORDER BY id DESC
  [1m[36mUser Load (0.1ms)[0m  [1mSELECT  "users".* FROM "users" WHERE "users"."id" = ? LIMIT 1[0m  [["id", 1]]
  [1m[35mCACHE (0.0ms)[0m  SELECT  "users".* FROM "users" WHERE "users"."id" = ? LIMIT 1  [["id", 1]]
  [1m[36mCACHE (0.0ms)[0m  [1mSELECT  "users".* FROM "users" WHERE "users"."id" = ? LIMIT 1[0m  [["id", 1]]
  [1m[35mUser Load (0.1ms)[0m  SELECT  "users".* FROM "users" WHERE "users"."id" = ?  ORDER BY "users"."id" ASC LIMIT 1  [["id", 7]]
  [1m[36mCategory Load (0.1ms)[0m  [1mSELECT "categories".* FROM "categories"[0m
  [1m[35mUser Load (0.1ms)[0m  SELECT  "users".* FROM "users" WHERE "users"."id" = ? LIMIT 1  [["id", 7]]
  Rendered posts/index.html.erb within layouts/application (19.8ms)
Completed 200 OK in 432ms (Views: 429.9ms | ActiveRecord: 0.6ms)
  [1m[36m (39.4ms)[0m  [1mCREATE TABLE "schema_migrations" ("version" character varying NOT NULL) [0m
  [1m[35m (2.5ms)[0m  CREATE UNIQUE INDEX  "unique_schema_migrations" ON "schema_migrations"  ("version")
  [1m[36mActiveRecord::SchemaMigration Load (1.1ms)[0m  [1mSELECT "schema_migrations".* FROM "schema_migrations"[0m
Migrating to DeviseCreateUsers (20150220070858)
  [1m[35m (1.5ms)[0m  BEGIN
DEPRECATION WARNING: `#timestamp` was called without specifying an option for `null`. In Rails 5, this behavior will change to `null: false`. You should manually specify `null: true` to prevent the behavior of your existing migrations from changing. (called from block in change at /Users/andrewmagdy/Github/untitled folder/Octablog/db/migrate/20150220070858_devise_create_users.rb:34)
  [1m[36m (21.4ms)[0m  [1mCREATE TABLE "users" ("id" serial primary key, "email" character varying DEFAULT '' NOT NULL, "encrypted_password" character varying DEFAULT '' NOT NULL, "reset_password_token" character varying, "reset_password_sent_at" timestamp, "remember_created_at" timestamp, "sign_in_count" integer DEFAULT 0 NOT NULL, "current_sign_in_at" timestamp, "last_sign_in_at" timestamp, "current_sign_in_ip" character varying, "last_sign_in_ip" character varying, "created_at" timestamp, "updated_at" timestamp) [0m
  [1m[35m (1.2ms)[0m  CREATE UNIQUE INDEX  "index_users_on_email" ON "users"  ("email")
  [1m[36m (1.7ms)[0m  [1mCREATE UNIQUE INDEX  "index_users_on_reset_password_token" ON "users"  ("reset_password_token")[0m
  [1m[35mSQL (0.7ms)[0m  INSERT INTO "schema_migrations" ("version") VALUES ($1)  [["version", "20150220070858"]]
  [1m[36m (0.4ms)[0m  [1mCOMMIT[0m
Migrating to AddAdminToUsers (20150220114855)
  [1m[35m (0.3ms)[0m  BEGIN
  [1m[36m (11.4ms)[0m  [1mALTER TABLE "users" ADD "admin" boolean DEFAULT 'f'[0m
  [1m[35mSQL (1.1ms)[0m  INSERT INTO "schema_migrations" ("version") VALUES ($1)  [["version", "20150220114855"]]
  [1m[36m (1.3ms)[0m  [1mCOMMIT[0m
Migrating to AddUsernameToUsers (20150220120020)
  [1m[35m (0.3ms)[0m  BEGIN
  [1m[36m (0.5ms)[0m  [1mALTER TABLE "users" ADD "username" character varying[0m
  [1m[35mSQL (0.4ms)[0m  INSERT INTO "schema_migrations" ("version") VALUES ($1)  [["version", "20150220120020"]]
  [1m[36m (0.5ms)[0m  [1mCOMMIT[0m
Migrating to AddUrlToUsers (20150220120050)
  [1m[35m (0.2ms)[0m  BEGIN
  [1m[36m (0.6ms)[0m  [1mALTER TABLE "users" ADD "url" character varying[0m
  [1m[35mSQL (0.2ms)[0m  INSERT INTO "schema_migrations" ("version") VALUES ($1)  [["version", "20150220120050"]]
  [1m[36m (0.3ms)[0m  [1mCOMMIT[0m
Migrating to AddSignatureToUsers (20150220120114)
  [1m[35m (0.2ms)[0m  BEGIN
  [1m[36m (0.4ms)[0m  [1mALTER TABLE "users" ADD "sinature" character varying[0m
  [1m[35mSQL (0.2ms)[0m  INSERT INTO "schema_migrations" ("version") VALUES ($1)  [["version", "20150220120114"]]
  [1m[36m (0.4ms)[0m  [1mCOMMIT[0m
Migrating to AddNameToUsers (20150220214229)
  [1m[35m (0.2ms)[0m  BEGIN
  [1m[36m (0.4ms)[0m  [1mALTER TABLE "users" ADD "name" character varying[0m
  [1m[35m (0.3ms)[0m  ALTER TABLE "users" ADD "signature" character varying
  [1m[36m (7.2ms)[0m  [1mALTER TABLE "users" ADD "is_admin" boolean DEFAULT 'f'[0m
  [1m[35mSQL (0.2ms)[0m  INSERT INTO "schema_migrations" ("version") VALUES ($1)  [["version", "20150220214229"]]
  [1m[36m (1.6ms)[0m  [1mCOMMIT[0m
Migrating to CreatePosts (20150220223742)
  [1m[35m (0.3ms)[0m  BEGIN
  [1m[36m (6.5ms)[0m  [1mCREATE TABLE "posts" ("id" serial primary key, "user_id" integer, "category" character varying, "title" character varying, "content" text, "timing" timestamp, "created_at" timestamp NOT NULL, "updated_at" timestamp NOT NULL) [0m
  [1m[35m (1.6ms)[0m  CREATE  INDEX  "index_posts_on_user_id" ON "posts"  ("user_id")
  [1m[36mSQL (0.3ms)[0m  [1mINSERT INTO "schema_migrations" ("version") VALUES ($1)[0m  [["version", "20150220223742"]]
  [1m[35m (0.4ms)[0m  COMMIT
Migrating to CreateCkeditorAssets (20150221162037)
  [1m[36m (0.4ms)[0m  [1mBEGIN[0m
DEPRECATION WARNING: `#timestamp` was called without specifying an option for `null`. In Rails 5, this behavior will change to `null: false`. You should manually specify `null: true` to prevent the behavior of your existing migrations from changing. (called from block in up at /Users/andrewmagdy/Github/untitled folder/Octablog/db/migrate/20150221162037_create_ckeditor_assets.rb:16)
  [1m[35m (6.8ms)[0m  CREATE TABLE "ckeditor_assets" ("id" serial primary key, "data_file_name" character varying NOT NULL, "data_content_type" character varying, "data_file_size" integer, "assetable_id" integer, "assetable_type" character varying(30), "type" character varying(30), "width" integer, "height" integer, "created_at" timestamp, "updated_at" timestamp) 
  [1m[36m (1.5ms)[0m  [1mCREATE  INDEX  "idx_ckeditor_assetable_type" ON "ckeditor_assets"  ("assetable_type", "type", "assetable_id")[0m
  [1m[35m (1.5ms)[0m  CREATE  INDEX  "idx_ckeditor_assetable" ON "ckeditor_assets"  ("assetable_type", "assetable_id")
  [1m[36mSQL (0.2ms)[0m  [1mINSERT INTO "schema_migrations" ("version") VALUES ($1)[0m  [["version", "20150221162037"]]
  [1m[35m (0.5ms)[0m  COMMIT
Migrating to CreateCateogries (20150221162038)
  [1m[36m (0.5ms)[0m  [1mBEGIN[0m
  [1m[35m (5.9ms)[0m  CREATE TABLE "cateogries" ("id" serial primary key, "name" character varying, "created_at" timestamp NOT NULL, "updated_at" timestamp NOT NULL) 
  [1m[36mSQL (0.2ms)[0m  [1mINSERT INTO "schema_migrations" ("version") VALUES ($1)[0m  [["version", "20150221162038"]]
  [1m[35m (0.5ms)[0m  COMMIT
Migrating to CreateCategories (20150221162039)
  [1m[36m (0.4ms)[0m  [1mBEGIN[0m
  [1m[35m (5.2ms)[0m  CREATE TABLE "categories" ("id" serial primary key, "name" character varying, "created_at" timestamp NOT NULL, "updated_at" timestamp NOT NULL) 
  [1m[36mSQL (0.2ms)[0m  [1mINSERT INTO "schema_migrations" ("version") VALUES ($1)[0m  [["version", "20150221162039"]]
  [1m[35m (0.5ms)[0m  COMMIT
Migrating to CreateHighScores (20150221185341)
  [1m[36m (0.5ms)[0m  [1mBEGIN[0m
  [1m[35m (6.7ms)[0m  CREATE TABLE "high_scores" ("id" serial primary key, "content" text, "created_at" timestamp NOT NULL, "updated_at" timestamp NOT NULL) 
  [1m[36mSQL (0.3ms)[0m  [1mINSERT INTO "schema_migrations" ("version") VALUES ($1)[0m  [["version", "20150221185341"]]
  [1m[35m (0.4ms)[0m  COMMIT
Migrating to CreateComments (20150221190128)
  [1m[36m (0.3ms)[0m  [1mBEGIN[0m
  [1m[35m (8.2ms)[0m  CREATE TABLE "comments" ("id" serial primary key, "content" text, "created_at" timestamp NOT NULL, "updated_at" timestamp NOT NULL) 
  [1m[36mSQL (0.3ms)[0m  [1mINSERT INTO "schema_migrations" ("version") VALUES ($1)[0m  [["version", "20150221190128"]]
  [1m[35m (0.5ms)[0m  COMMIT
Migrating to AddPostToComment (20150221202230)
  [1m[36m (0.4ms)[0m  [1mBEGIN[0m
  [1m[35mSQL (0.3ms)[0m  INSERT INTO "schema_migrations" ("version") VALUES ($1)  [["version", "20150221202230"]]
  [1m[36m (0.5ms)[0m  [1mCOMMIT[0m
Migrating to AddUserIdToComment (20150221202922)
  [1m[35m (0.2ms)[0m  BEGIN
  [1m[36m (0.6ms)[0m  [1mALTER TABLE "comments" ADD "user_id" integer[0m
  [1m[35mSQL (0.4ms)[0m  INSERT INTO "schema_migrations" ("version") VALUES ($1)  [["version", "20150221202922"]]
  [1m[36m (0.4ms)[0m  [1mCOMMIT[0m
Migrating to AddPostIdToComment (20150221202937)
  [1m[35m (0.2ms)[0m  BEGIN
  [1m[36m (0.4ms)[0m  [1mALTER TABLE "comments" ADD "post_id" integer[0m
  [1m[35mSQL (0.2ms)[0m  INSERT INTO "schema_migrations" ("version") VALUES ($1)  [["version", "20150221202937"]]
  [1m[36m (0.4ms)[0m  [1mCOMMIT[0m
Migrating to AddpictoUser (20150222204902)
  [1m[35m (0.3ms)[0m  BEGIN
  [1m[36mSQL (0.2ms)[0m  [1mINSERT INTO "schema_migrations" ("version") VALUES ($1)[0m  [["version", "20150222204902"]]
  [1m[35m (0.3ms)[0m  COMMIT
Migrating to AddDetailsToUser (20150222205352)
  [1m[36m (0.2ms)[0m  [1mBEGIN[0m
  [1m[35m (0.5ms)[0m  ALTER TABLE "users" ADD "pic" character varying
  [1m[36mSQL (0.2ms)[0m  [1mINSERT INTO "schema_migrations" ("version") VALUES ($1)[0m  [["version", "20150222205352"]]
  [1m[35m (0.5ms)[0m  COMMIT
  [1m[36mActiveRecord::SchemaMigration Load (0.2ms)[0m  [1mSELECT "schema_migrations".* FROM "schema_migrations"[0m
  [1m[35m (5.5ms)[0m  SELECT t2.oid::regclass::text AS to_table, a1.attname AS column, a2.attname AS primary_key, c.conname AS name, c.confupdtype AS on_update, c.confdeltype AS on_delete
FROM pg_constraint c
JOIN pg_class t1 ON c.conrelid = t1.oid
JOIN pg_class t2 ON c.confrelid = t2.oid
JOIN pg_attribute a1 ON a1.attnum = c.conkey[1] AND a1.attrelid = t1.oid
JOIN pg_attribute a2 ON a2.attnum = c.confkey[1] AND a2.attrelid = t2.oid
JOIN pg_namespace t3 ON c.connamespace = t3.oid
WHERE c.contype = 'f'
  AND t1.relname = 'categories'
  AND t3.nspname = ANY (current_schemas(false))
ORDER BY c.conname

  [1m[36m (3.9ms)[0m  [1mSELECT t2.oid::regclass::text AS to_table, a1.attname AS column, a2.attname AS primary_key, c.conname AS name, c.confupdtype AS on_update, c.confdeltype AS on_delete
FROM pg_constraint c
JOIN pg_class t1 ON c.conrelid = t1.oid
JOIN pg_class t2 ON c.confrelid = t2.oid
JOIN pg_attribute a1 ON a1.attnum = c.conkey[1] AND a1.attrelid = t1.oid
JOIN pg_attribute a2 ON a2.attnum = c.confkey[1] AND a2.attrelid = t2.oid
JOIN pg_namespace t3 ON c.connamespace = t3.oid
WHERE c.contype = 'f'
  AND t1.relname = 'cateogries'
  AND t3.nspname = ANY (current_schemas(false))
ORDER BY c.conname
[0m
  [1m[35m (7.0ms)[0m  SELECT t2.oid::regclass::text AS to_table, a1.attname AS column, a2.attname AS primary_key, c.conname AS name, c.confupdtype AS on_update, c.confdeltype AS on_delete
FROM pg_constraint c
JOIN pg_class t1 ON c.conrelid = t1.oid
JOIN pg_class t2 ON c.confrelid = t2.oid
JOIN pg_attribute a1 ON a1.attnum = c.conkey[1] AND a1.attrelid = t1.oid
JOIN pg_attribute a2 ON a2.attnum = c.confkey[1] AND a2.attrelid = t2.oid
JOIN pg_namespace t3 ON c.connamespace = t3.oid
WHERE c.contype = 'f'
  AND t1.relname = 'ckeditor_assets'
  AND t3.nspname = ANY (current_schemas(false))
ORDER BY c.conname

  [1m[36m (5.2ms)[0m  [1mSELECT t2.oid::regclass::text AS to_table, a1.attname AS column, a2.attname AS primary_key, c.conname AS name, c.confupdtype AS on_update, c.confdeltype AS on_delete
FROM pg_constraint c
JOIN pg_class t1 ON c.conrelid = t1.oid
JOIN pg_class t2 ON c.confrelid = t2.oid
JOIN pg_attribute a1 ON a1.attnum = c.conkey[1] AND a1.attrelid = t1.oid
JOIN pg_attribute a2 ON a2.attnum = c.confkey[1] AND a2.attrelid = t2.oid
JOIN pg_namespace t3 ON c.connamespace = t3.oid
WHERE c.contype = 'f'
  AND t1.relname = 'comments'
  AND t3.nspname = ANY (current_schemas(false))
ORDER BY c.conname
[0m
  [1m[35m (4.2ms)[0m  SELECT t2.oid::regclass::text AS to_table, a1.attname AS column, a2.attname AS primary_key, c.conname AS name, c.confupdtype AS on_update, c.confdeltype AS on_delete
FROM pg_constraint c
JOIN pg_class t1 ON c.conrelid = t1.oid
JOIN pg_class t2 ON c.confrelid = t2.oid
JOIN pg_attribute a1 ON a1.attnum = c.conkey[1] AND a1.attrelid = t1.oid
JOIN pg_attribute a2 ON a2.attnum = c.confkey[1] AND a2.attrelid = t2.oid
JOIN pg_namespace t3 ON c.connamespace = t3.oid
WHERE c.contype = 'f'
  AND t1.relname = 'high_scores'
  AND t3.nspname = ANY (current_schemas(false))
ORDER BY c.conname

  [1m[36m (4.1ms)[0m  [1mSELECT t2.oid::regclass::text AS to_table, a1.attname AS column, a2.attname AS primary_key, c.conname AS name, c.confupdtype AS on_update, c.confdeltype AS on_delete
FROM pg_constraint c
JOIN pg_class t1 ON c.conrelid = t1.oid
JOIN pg_class t2 ON c.confrelid = t2.oid
JOIN pg_attribute a1 ON a1.attnum = c.conkey[1] AND a1.attrelid = t1.oid
JOIN pg_attribute a2 ON a2.attnum = c.confkey[1] AND a2.attrelid = t2.oid
JOIN pg_namespace t3 ON c.connamespace = t3.oid
WHERE c.contype = 'f'
  AND t1.relname = 'posts'
  AND t3.nspname = ANY (current_schemas(false))
ORDER BY c.conname
[0m
  [1m[35m (6.1ms)[0m  SELECT t2.oid::regclass::text AS to_table, a1.attname AS column, a2.attname AS primary_key, c.conname AS name, c.confupdtype AS on_update, c.confdeltype AS on_delete
FROM pg_constraint c
JOIN pg_class t1 ON c.conrelid = t1.oid
JOIN pg_class t2 ON c.confrelid = t2.oid
JOIN pg_attribute a1 ON a1.attnum = c.conkey[1] AND a1.attrelid = t1.oid
JOIN pg_attribute a2 ON a2.attnum = c.confkey[1] AND a2.attrelid = t2.oid
JOIN pg_namespace t3 ON c.connamespace = t3.oid
WHERE c.contype = 'f'
  AND t1.relname = 'users'
  AND t3.nspname = ANY (current_schemas(false))
ORDER BY c.conname



Started GET "/" for ::1 at 2015-02-27 18:35:42 +0200
  [1m[36mActiveRecord::SchemaMigration Load (0.8ms)[0m  [1mSELECT "schema_migrations".* FROM "schema_migrations"[0m
Processing by PostsController#index as HTML
  [1m[35mPost Load (2.2ms)[0m  SELECT "posts".* FROM "posts"  ORDER BY id DESC
  [1m[36mCategory Load (1.1ms)[0m  [1mSELECT "categories".* FROM "categories"[0m
  [1m[35mUser Load (2.9ms)[0m  SELECT  "users".* FROM "users" WHERE "users"."id" = $1  ORDER BY "users"."id" ASC LIMIT 1  [["id", 7]]
  [1m[36mCACHE (0.0ms)[0m  [1mSELECT  "users".* FROM "users" WHERE "users"."id" = $1  ORDER BY "users"."id" ASC LIMIT 1[0m  [["id", 7]]
  Rendered posts/index.html.erb within layouts/application (119.3ms)
Completed 200 OK in 1053ms (Views: 992.1ms | ActiveRecord: 13.8ms)


Started GET "/assets/bootstrap-9fdc5384012490e37b7b0c4c96addfa3.css?body=1" for ::1 at 2015-02-27 18:35:43 +0200


Started GET "/assets/bootstrap.min-eae18f9434a76d2bd3b6e6ed1322c8d4.css?body=1" for ::1 at 2015-02-27 18:35:43 +0200


Started GET "/assets/categories-64e62ddc273c2f5847f30d698ca14b67.css?body=1" for ::1 at 2015-02-27 18:35:43 +0200


Started GET "/assets/dashboard-64e62ddc273c2f5847f30d698ca14b67.css?body=1" for ::1 at 2015-02-27 18:35:43 +0200


Started GET "/assets/home-64e62ddc273c2f5847f30d698ca14b67.css?body=1" for ::1 at 2015-02-27 18:35:43 +0200


Started GET "/assets/styles-6f3b8c3b4f0bb50f2ab4cbf120aa85ca.css?body=1" for ::1 at 2015-02-27 18:35:43 +0200


Started GET "/assets/application-5130239a363b509001f078f4d023d681.css?body=1" for ::1 at 2015-02-27 18:35:43 +0200


Started GET "/assets/devise_bootstrap_views-17ab6897f47170405b29d37d0dee5ebf.css?body=1" for ::1 at 2015-02-27 18:35:44 +0200


Started GET "/assets/categories-fcec5b5a277ac7c20cc9f45a209a3bcd.js?body=1" for ::1 at 2015-02-27 18:35:44 +0200


Started GET "/assets/turbolinks-f87b3583ca50adb0488b031297f5580d.js?body=1" for ::1 at 2015-02-27 18:35:44 +0200


Started GET "/assets/jquery-87424c3c19e96d4fb033c10ebe21ec40.js?body=1" for ::1 at 2015-02-27 18:35:44 +0200


Started GET "/assets/jquery_ujs-e27bd20a10d28155845a22d71ef94f2f.js?body=1" for ::1 at 2015-02-27 18:35:44 +0200


Started GET "/assets/comments-fcec5b5a277ac7c20cc9f45a209a3bcd.js?body=1" for ::1 at 2015-02-27 18:35:44 +0200


Started GET "/assets/high_scores-fcec5b5a277ac7c20cc9f45a209a3bcd.js?body=1" for ::1 at 2015-02-27 18:35:44 +0200


Started GET "/assets/dashboard-fcec5b5a277ac7c20cc9f45a209a3bcd.js?body=1" for ::1 at 2015-02-27 18:35:44 +0200


Started GET "/assets/home-fcec5b5a277ac7c20cc9f45a209a3bcd.js?body=1" for ::1 at 2015-02-27 18:35:44 +0200


Started GET "/assets/posts-fcec5b5a277ac7c20cc9f45a209a3bcd.js?body=1" for ::1 at 2015-02-27 18:35:44 +0200


Started GET "/assets/bootstrap/affix-31984abe1036c1c2f684af192191ce9f.js?body=1" for ::1 at 2015-02-27 18:35:44 +0200


Started GET "/assets/bootstrap/alert-7c03e11fecf6b3ef100f76ae4f08586e.js?body=1" for ::1 at 2015-02-27 18:35:44 +0200


Started GET "/assets/bootstrap/button-98bba85be4dcdd597554e0b7ce8e33a2.js?body=1" for ::1 at 2015-02-27 18:35:44 +0200


Started GET "/assets/bootstrap/carousel-93f34f850a932957c93b7605c79faf45.js?body=1" for ::1 at 2015-02-27 18:35:44 +0200


Started GET "/assets/bootstrap/dropdown-65c3929585250221f53bae696936ed44.js?body=1" for ::1 at 2015-02-27 18:35:44 +0200


Started GET "/assets/bootstrap/collapse-7a82a3d4fb154ded3d2702465e21ca00.js?body=1" for ::1 at 2015-02-27 18:35:44 +0200


Started GET "/assets/bootstrap/tab-a90a1841af8c1eae12bfa5283a8093b0.js?body=1" for ::1 at 2015-02-27 18:35:44 +0200


Started GET "/assets/bootstrap/scrollspy-e550695030be1d627d1ba91b14792316.js?body=1" for ::1 at 2015-02-27 18:35:44 +0200


Started GET "/assets/bootstrap/transition-9e4de96204f41141474e9dbb59570af9.js?body=1" for ::1 at 2015-02-27 18:35:44 +0200


Started GET "/assets/bootstrap/modal-ce380b9327d2cf6c826d8df818ea48a1.js?body=1" for ::1 at 2015-02-27 18:35:44 +0200


Started GET "/assets/bootstrap/tooltip-4d90d4ee015d2df34a7696864b2ea83c.js?body=1" for ::1 at 2015-02-27 18:35:44 +0200


Started GET "/assets/bootstrap/popover-5a060f876311e7fcb18f35058070de5a.js?body=1" for ::1 at 2015-02-27 18:35:44 +0200


Started GET "/assets/bootstrap-sprockets-00b1738c651720f44abc4bbf70bedb3e.js?body=1" for ::1 at 2015-02-27 18:35:44 +0200


Started GET "/assets/ckeditor/init-546218f9a0f01e99e8b3aadd5f8c08bc.js?body=1" for ::1 at 2015-02-27 18:35:44 +0200


Started GET "/assets/ckeditor/ckeditor-719f0820912be8dfd4e26384948789dc.js?body=1" for ::1 at 2015-02-27 18:35:44 +0200


Started GET "/assets/bootstrap-f069863cd7c15927c7faef4bba9fc907.js?body=1" for ::1 at 2015-02-27 18:35:44 +0200


Started GET "/assets/application-7dd33a33fd3078d0c7ca884c2c6dc9fc.js?body=1" for ::1 at 2015-02-27 18:35:44 +0200


Started GET "/fonts/glyphicons-halflings-regular.woff" for ::1 at 2015-02-27 18:35:45 +0200

ActionController::RoutingError (No route matches [GET] "/fonts/glyphicons-halflings-regular.woff"):
  web-console (2.0.0) lib/action_dispatch/debug_exceptions.rb:22:in `middleware_call'
  web-console (2.0.0) lib/action_dispatch/debug_exceptions.rb:13:in `call'
  actionpack (4.2.0) lib/action_dispatch/middleware/show_exceptions.rb:30:in `call'
  railties (4.2.0) lib/rails/rack/logger.rb:38:in `call_app'
  railties (4.2.0) lib/rails/rack/logger.rb:20:in `block in call'
  activesupport (4.2.0) lib/active_support/tagged_logging.rb:68:in `block in tagged'
  activesupport (4.2.0) lib/active_support/tagged_logging.rb:26:in `tagged'
  activesupport (4.2.0) lib/active_support/tagged_logging.rb:68:in `tagged'
  railties (4.2.0) lib/rails/rack/logger.rb:20:in `call'
  actionpack (4.2.0) lib/action_dispatch/middleware/request_id.rb:21:in `call'
  rack (1.6.0) lib/rack/methodoverride.rb:22:in `call'
  rack (1.6.0) lib/rack/runtime.rb:18:in `call'
  activesupport (4.2.0) lib/active_support/cache/strategy/local_cache_middleware.rb:28:in `call'
  rack (1.6.0) lib/rack/lock.rb:17:in `call'
  actionpack (4.2.0) lib/action_dispatch/middleware/static.rb:113:in `call'
  rack (1.6.0) lib/rack/sendfile.rb:113:in `call'
  railties (4.2.0) lib/rails/engine.rb:518:in `call'
  railties (4.2.0) lib/rails/application.rb:164:in `call'
  rack (1.6.0) lib/rack/lock.rb:17:in `call'
  rack (1.6.0) lib/rack/content_length.rb:15:in `call'
  rack (1.6.0) lib/rack/handler/webrick.rb:89:in `service'
  /System/Library/Frameworks/Ruby.framework/Versions/2.0/usr/lib/ruby/2.0.0/webrick/httpserver.rb:138:in `service'
  /System/Library/Frameworks/Ruby.framework/Versions/2.0/usr/lib/ruby/2.0.0/webrick/httpserver.rb:94:in `run'
  /System/Library/Frameworks/Ruby.framework/Versions/2.0/usr/lib/ruby/2.0.0/webrick/server.rb:295:in `block in start_thread'


  Rendered /Library/Ruby/Gems/2.0.0/gems/web-console-2.0.0/lib/action_dispatch/templates/rescues/_trace.html.erb (1.6ms)
  Rendered /Library/Ruby/Gems/2.0.0/gems/web-console-2.0.0/lib/action_dispatch/templates/routes/_route.html.erb (6.0ms)
  Rendered /Library/Ruby/Gems/2.0.0/gems/web-console-2.0.0/lib/action_dispatch/templates/routes/_route.html.erb (0.5ms)
  Rendered /Library/Ruby/Gems/2.0.0/gems/web-console-2.0.0/lib/action_dispatch/templates/routes/_table.html.erb (14.0ms)
  Rendered /Library/Ruby/Gems/2.0.0/gems/web-console-2.0.0/lib/action_dispatch/templates/rescues/_request_and_response.html.erb (1.9ms)
  Rendered /Library/Ruby/Gems/2.0.0/gems/web-console-2.0.0/lib/action_dispatch/templates/rescues/_web_console.html.erb (1.2ms)
  Rendered /Library/Ruby/Gems/2.0.0/gems/web-console-2.0.0/lib/action_dispatch/templates/rescues/routing_error.html.erb within rescues/layout (88.3ms)


Started GET "/assets/glyphicons-halflings-regular.woff" for ::1 at 2015-02-27 18:35:45 +0200


Started GET "/fonts/glyphicons-halflings-regular.ttf" for ::1 at 2015-02-27 18:35:45 +0200

ActionController::RoutingError (No route matches [GET] "/fonts/glyphicons-halflings-regular.ttf"):
  web-console (2.0.0) lib/action_dispatch/debug_exceptions.rb:22:in `middleware_call'
  web-console (2.0.0) lib/action_dispatch/debug_exceptions.rb:13:in `call'
  actionpack (4.2.0) lib/action_dispatch/middleware/show_exceptions.rb:30:in `call'
  railties (4.2.0) lib/rails/rack/logger.rb:38:in `call_app'
  railties (4.2.0) lib/rails/rack/logger.rb:20:in `block in call'
  activesupport (4.2.0) lib/active_support/tagged_logging.rb:68:in `block in tagged'
  activesupport (4.2.0) lib/active_support/tagged_logging.rb:26:in `tagged'
  activesupport (4.2.0) lib/active_support/tagged_logging.rb:68:in `tagged'
  railties (4.2.0) lib/rails/rack/logger.rb:20:in `call'
  actionpack (4.2.0) lib/action_dispatch/middleware/request_id.rb:21:in `call'
  rack (1.6.0) lib/rack/methodoverride.rb:22:in `call'
  rack (1.6.0) lib/rack/runtime.rb:18:in `call'
  activesupport (4.2.0) lib/active_support/cache/strategy/local_cache_middleware.rb:28:in `call'
  rack (1.6.0) lib/rack/lock.rb:17:in `call'
  actionpack (4.2.0) lib/action_dispatch/middleware/static.rb:113:in `call'
  rack (1.6.0) lib/rack/sendfile.rb:113:in `call'
  railties (4.2.0) lib/rails/engine.rb:518:in `call'
  railties (4.2.0) lib/rails/application.rb:164:in `call'
  rack (1.6.0) lib/rack/lock.rb:17:in `call'
  rack (1.6.0) lib/rack/content_length.rb:15:in `call'
  rack (1.6.0) lib/rack/handler/webrick.rb:89:in `service'
  /System/Library/Frameworks/Ruby.framework/Versions/2.0/usr/lib/ruby/2.0.0/webrick/httpserver.rb:138:in `service'
  /System/Library/Frameworks/Ruby.framework/Versions/2.0/usr/lib/ruby/2.0.0/webrick/httpserver.rb:94:in `run'
  /System/Library/Frameworks/Ruby.framework/Versions/2.0/usr/lib/ruby/2.0.0/webrick/server.rb:295:in `block in start_thread'


  Rendered /Library/Ruby/Gems/2.0.0/gems/web-console-2.0.0/lib/action_dispatch/templates/rescues/_trace.html.erb (1.6ms)
  Rendered /Library/Ruby/Gems/2.0.0/gems/web-console-2.0.0/lib/action_dispatch/templates/routes/_route.html.erb (3.5ms)
  Rendered /Library/Ruby/Gems/2.0.0/gems/web-console-2.0.0/lib/action_dispatch/templates/routes/_route.html.erb (1.6ms)
  Rendered /Library/Ruby/Gems/2.0.0/gems/web-console-2.0.0/lib/action_dispatch/templates/routes/_table.html.erb (1.6ms)
  Rendered /Library/Ruby/Gems/2.0.0/gems/web-console-2.0.0/lib/action_dispatch/templates/rescues/_request_and_response.html.erb (1.5ms)
  Rendered /Library/Ruby/Gems/2.0.0/gems/web-console-2.0.0/lib/action_dispatch/templates/rescues/_web_console.html.erb (1.4ms)
  Rendered /Library/Ruby/Gems/2.0.0/gems/web-console-2.0.0/lib/action_dispatch/templates/rescues/routing_error.html.erb within rescues/layout (65.2ms)


Started GET "/fonts/glyphicons-halflings-regular.svg" for ::1 at 2015-02-27 18:35:45 +0200

ActionController::RoutingError (No route matches [GET] "/fonts/glyphicons-halflings-regular.svg"):
  web-console (2.0.0) lib/action_dispatch/debug_exceptions.rb:22:in `middleware_call'
  web-console (2.0.0) lib/action_dispatch/debug_exceptions.rb:13:in `call'
  actionpack (4.2.0) lib/action_dispatch/middleware/show_exceptions.rb:30:in `call'
  railties (4.2.0) lib/rails/rack/logger.rb:38:in `call_app'
  railties (4.2.0) lib/rails/rack/logger.rb:20:in `block in call'
  activesupport (4.2.0) lib/active_support/tagged_logging.rb:68:in `block in tagged'
  activesupport (4.2.0) lib/active_support/tagged_logging.rb:26:in `tagged'
  activesupport (4.2.0) lib/active_support/tagged_logging.rb:68:in `tagged'
  railties (4.2.0) lib/rails/rack/logger.rb:20:in `call'
  actionpack (4.2.0) lib/action_dispatch/middleware/request_id.rb:21:in `call'
  rack (1.6.0) lib/rack/methodoverride.rb:22:in `call'
  rack (1.6.0) lib/rack/runtime.rb:18:in `call'
  activesupport (4.2.0) lib/active_support/cache/strategy/local_cache_middleware.rb:28:in `call'
  rack (1.6.0) lib/rack/lock.rb:17:in `call'
  actionpack (4.2.0) lib/action_dispatch/middleware/static.rb:113:in `call'
  rack (1.6.0) lib/rack/sendfile.rb:113:in `call'
  railties (4.2.0) lib/rails/engine.rb:518:in `call'
  railties (4.2.0) lib/rails/application.rb:164:in `call'
  rack (1.6.0) lib/rack/lock.rb:17:in `call'
  rack (1.6.0) lib/rack/content_length.rb:15:in `call'
  rack (1.6.0) lib/rack/handler/webrick.rb:89:in `service'
  /System/Library/Frameworks/Ruby.framework/Versions/2.0/usr/lib/ruby/2.0.0/webrick/httpserver.rb:138:in `service'
  /System/Library/Frameworks/Ruby.framework/Versions/2.0/usr/lib/ruby/2.0.0/webrick/httpserver.rb:94:in `run'
  /System/Library/Frameworks/Ruby.framework/Versions/2.0/usr/lib/ruby/2.0.0/webrick/server.rb:295:in `block in start_thread'


  Rendered /Library/Ruby/Gems/2.0.0/gems/web-console-2.0.0/lib/action_dispatch/templates/rescues/_trace.html.erb (1.7ms)
  Rendered /Library/Ruby/Gems/2.0.0/gems/web-console-2.0.0/lib/action_dispatch/templates/routes/_route.html.erb (2.8ms)
  Rendered /Library/Ruby/Gems/2.0.0/gems/web-console-2.0.0/lib/action_dispatch/templates/routes/_route.html.erb (0.3ms)
  Rendered /Library/Ruby/Gems/2.0.0/gems/web-console-2.0.0/lib/action_dispatch/templates/routes/_table.html.erb (1.9ms)
  Rendered /Library/Ruby/Gems/2.0.0/gems/web-console-2.0.0/lib/action_dispatch/templates/rescues/_request_and_response.html.erb (3.1ms)
  Rendered /Library/Ruby/Gems/2.0.0/gems/web-console-2.0.0/lib/action_dispatch/templates/rescues/_web_console.html.erb (1.3ms)
  Rendered /Library/Ruby/Gems/2.0.0/gems/web-console-2.0.0/lib/action_dispatch/templates/rescues/routing_error.html.erb within rescues/layout (64.8ms)


Started GET "/users/sign_in" for ::1 at 2015-02-27 18:35:52 +0200
Processing by Devise::SessionsController#new as HTML
  Rendered devise/shared/_links.html.erb (11.6ms)
  Rendered devise/sessions/new.html.erb within layouts/application (161.7ms)
Completed 200 OK in 629ms (Views: 552.8ms | ActiveRecord: 0.0ms)


Started GET "/" for ::1 at 2015-02-27 21:00:27 +0200

ActiveRecord::NoDatabaseError (FATAL:  database "my_database_development" does not exist
):
  activerecord (4.2.0) lib/active_record/connection_adapters/postgresql_adapter.rb:661:in `rescue in connect'
  activerecord (4.2.0) lib/active_record/connection_adapters/postgresql_adapter.rb:651:in `connect'
  activerecord (4.2.0) lib/active_record/connection_adapters/postgresql_adapter.rb:242:in `initialize'
  activerecord (4.2.0) lib/active_record/connection_adapters/postgresql_adapter.rb:44:in `new'
  activerecord (4.2.0) lib/active_record/connection_adapters/postgresql_adapter.rb:44:in `postgresql_connection'
  activerecord (4.2.0) lib/active_record/connection_adapters/abstract/connection_pool.rb:436:in `new_connection'
  activerecord (4.2.0) lib/active_record/connection_adapters/abstract/connection_pool.rb:446:in `checkout_new_connection'
  activerecord (4.2.0) lib/active_record/connection_adapters/abstract/connection_pool.rb:422:in `acquire_connection'
  activerecord (4.2.0) lib/active_record/connection_adapters/abstract/connection_pool.rb:349:in `block in checkout'
  /System/Library/Frameworks/Ruby.framework/Versions/2.0/usr/lib/ruby/2.0.0/monitor.rb:211:in `mon_synchronize'
  activerecord (4.2.0) lib/active_record/connection_adapters/abstract/connection_pool.rb:348:in `checkout'
  activerecord (4.2.0) lib/active_record/connection_adapters/abstract/connection_pool.rb:263:in `block in connection'
  /System/Library/Frameworks/Ruby.framework/Versions/2.0/usr/lib/ruby/2.0.0/monitor.rb:211:in `mon_synchronize'
  activerecord (4.2.0) lib/active_record/connection_adapters/abstract/connection_pool.rb:262:in `connection'
  activerecord (4.2.0) lib/active_record/connection_adapters/abstract/connection_pool.rb:565:in `retrieve_connection'
  activerecord (4.2.0) lib/active_record/connection_handling.rb:113:in `retrieve_connection'
  activerecord (4.2.0) lib/active_record/connection_handling.rb:87:in `connection'
  activerecord (4.2.0) lib/active_record/migration.rb:384:in `connection'
  activerecord (4.2.0) lib/active_record/migration.rb:371:in `call'
  actionpack (4.2.0) lib/action_dispatch/middleware/callbacks.rb:29:in `block in call'
  activesupport (4.2.0) lib/active_support/callbacks.rb:88:in `call'
  activesupport (4.2.0) lib/active_support/callbacks.rb:88:in `_run_callbacks'
  activesupport (4.2.0) lib/active_support/callbacks.rb:734:in `_run_call_callbacks'
  activesupport (4.2.0) lib/active_support/callbacks.rb:81:in `run_callbacks'
  actionpack (4.2.0) lib/action_dispatch/middleware/callbacks.rb:27:in `call'
  actionpack (4.2.0) lib/action_dispatch/middleware/reloader.rb:73:in `call'
  actionpack (4.2.0) lib/action_dispatch/middleware/remote_ip.rb:78:in `call'
  web-console (2.0.0) lib/action_dispatch/debug_exceptions.rb:18:in `middleware_call'
  web-console (2.0.0) lib/action_dispatch/debug_exceptions.rb:13:in `call'
  actionpack (4.2.0) lib/action_dispatch/middleware/show_exceptions.rb:30:in `call'
  railties (4.2.0) lib/rails/rack/logger.rb:38:in `call_app'
  railties (4.2.0) lib/rails/rack/logger.rb:20:in `block in call'
  activesupport (4.2.0) lib/active_support/tagged_logging.rb:68:in `block in tagged'
  activesupport (4.2.0) lib/active_support/tagged_logging.rb:26:in `tagged'
  activesupport (4.2.0) lib/active_support/tagged_logging.rb:68:in `tagged'
  railties (4.2.0) lib/rails/rack/logger.rb:20:in `call'
  actionpack (4.2.0) lib/action_dispatch/middleware/request_id.rb:21:in `call'
  rack (1.6.0) lib/rack/methodoverride.rb:22:in `call'
  rack (1.6.0) lib/rack/runtime.rb:18:in `call'
  activesupport (4.2.0) lib/active_support/cache/strategy/local_cache_middleware.rb:28:in `call'
  rack (1.6.0) lib/rack/lock.rb:17:in `call'
  actionpack (4.2.0) lib/action_dispatch/middleware/static.rb:113:in `call'
  rack (1.6.0) lib/rack/sendfile.rb:113:in `call'
  railties (4.2.0) lib/rails/engine.rb:518:in `call'
  railties (4.2.0) lib/rails/application.rb:164:in `call'
  rack (1.6.0) lib/rack/lock.rb:17:in `call'
  rack (1.6.0) lib/rack/content_length.rb:15:in `call'
  rack (1.6.0) lib/rack/handler/webrick.rb:89:in `service'
  /System/Library/Frameworks/Ruby.framework/Versions/2.0/usr/lib/ruby/2.0.0/webrick/httpserver.rb:138:in `service'
  /System/Library/Frameworks/Ruby.framework/Versions/2.0/usr/lib/ruby/2.0.0/webrick/httpserver.rb:94:in `run'
  /System/Library/Frameworks/Ruby.framework/Versions/2.0/usr/lib/ruby/2.0.0/webrick/server.rb:295:in `block in start_thread'


  Rendered /Library/Ruby/Gems/2.0.0/gems/web-console-2.0.0/lib/action_dispatch/templates/rescues/_source.erb (3.7ms)
  Rendered /Library/Ruby/Gems/2.0.0/gems/web-console-2.0.0/lib/action_dispatch/templates/rescues/_trace.html.erb (3.1ms)
  Rendered /Library/Ruby/Gems/2.0.0/gems/web-console-2.0.0/lib/action_dispatch/templates/rescues/_request_and_response.html.erb (1.4ms)
  Rendered /Library/Ruby/Gems/2.0.0/gems/web-console-2.0.0/lib/action_dispatch/templates/rescues/_web_console.html.erb (1.7ms)
  Rendered /Library/Ruby/Gems/2.0.0/gems/web-console-2.0.0/lib/action_dispatch/templates/rescues/diagnostics.html.erb within rescues/layout (37.9ms)
  [1m[36m (20.1ms)[0m  [1mCREATE TABLE "schema_migrations" ("version" character varying NOT NULL) [0m
  [1m[35m (3.5ms)[0m  CREATE UNIQUE INDEX  "unique_schema_migrations" ON "schema_migrations"  ("version")
  [1m[36mActiveRecord::SchemaMigration Load (0.5ms)[0m  [1mSELECT "schema_migrations".* FROM "schema_migrations"[0m
Migrating to DeviseCreateUsers (20150220070858)
  [1m[35m (1.1ms)[0m  BEGIN
DEPRECATION WARNING: `#timestamp` was called without specifying an option for `null`. In Rails 5, this behavior will change to `null: false`. You should manually specify `null: true` to prevent the behavior of your existing migrations from changing. (called from block in change at /Users/andrewmagdy/Github/untitled folder/Octablog/db/migrate/20150220070858_devise_create_users.rb:34)
  [1m[36m (16.2ms)[0m  [1mCREATE TABLE "users" ("id" serial primary key, "email" character varying DEFAULT '' NOT NULL, "encrypted_password" character varying DEFAULT '' NOT NULL, "reset_password_token" character varying, "reset_password_sent_at" timestamp, "remember_created_at" timestamp, "sign_in_count" integer DEFAULT 0 NOT NULL, "current_sign_in_at" timestamp, "last_sign_in_at" timestamp, "current_sign_in_ip" character varying, "last_sign_in_ip" character varying, "created_at" timestamp, "updated_at" timestamp) [0m
  [1m[35m (1.2ms)[0m  CREATE UNIQUE INDEX  "index_users_on_email" ON "users"  ("email")
  [1m[36m (1.3ms)[0m  [1mCREATE UNIQUE INDEX  "index_users_on_reset_password_token" ON "users"  ("reset_password_token")[0m
  [1m[35mSQL (0.9ms)[0m  INSERT INTO "schema_migrations" ("version") VALUES ($1)  [["version", "20150220070858"]]
  [1m[36m (0.6ms)[0m  [1mCOMMIT[0m
Migrating to AddAdminToUsers (20150220114855)
  [1m[35m (0.4ms)[0m  BEGIN
  [1m[36m (9.0ms)[0m  [1mALTER TABLE "users" ADD "admin" boolean DEFAULT 'f'[0m
  [1m[35mSQL (0.8ms)[0m  INSERT INTO "schema_migrations" ("version") VALUES ($1)  [["version", "20150220114855"]]
  [1m[36m (2.1ms)[0m  [1mCOMMIT[0m
Migrating to AddUsernameToUsers (20150220120020)
  [1m[35m (0.4ms)[0m  BEGIN
  [1m[36m (0.5ms)[0m  [1mALTER TABLE "users" ADD "username" character varying[0m
  [1m[35mSQL (0.2ms)[0m  INSERT INTO "schema_migrations" ("version") VALUES ($1)  [["version", "20150220120020"]]
  [1m[36m (0.4ms)[0m  [1mCOMMIT[0m
Migrating to AddUrlToUsers (20150220120050)
  [1m[35m (0.2ms)[0m  BEGIN
  [1m[36m (0.4ms)[0m  [1mALTER TABLE "users" ADD "url" character varying[0m
  [1m[35mSQL (0.2ms)[0m  INSERT INTO "schema_migrations" ("version") VALUES ($1)  [["version", "20150220120050"]]
  [1m[36m (0.4ms)[0m  [1mCOMMIT[0m
Migrating to AddSignatureToUsers (20150220120114)
  [1m[35m (0.2ms)[0m  BEGIN
  [1m[36m (0.4ms)[0m  [1mALTER TABLE "users" ADD "sinature" character varying[0m
  [1m[35mSQL (0.2ms)[0m  INSERT INTO "schema_migrations" ("version") VALUES ($1)  [["version", "20150220120114"]]
  [1m[36m (0.4ms)[0m  [1mCOMMIT[0m
Migrating to AddNameToUsers (20150220214229)
  [1m[35m (0.2ms)[0m  BEGIN
  [1m[36m (0.4ms)[0m  [1mALTER TABLE "users" ADD "name" character varying[0m
  [1m[35m (0.3ms)[0m  ALTER TABLE "users" ADD "signature" character varying
  [1m[36m (7.8ms)[0m  [1mALTER TABLE "users" ADD "is_admin" boolean DEFAULT 'f'[0m
  [1m[35mSQL (0.2ms)[0m  INSERT INTO "schema_migrations" ("version") VALUES ($1)  [["version", "20150220214229"]]
  [1m[36m (1.5ms)[0m  [1mCOMMIT[0m
Migrating to CreatePosts (20150220223742)
  [1m[35m (0.4ms)[0m  BEGIN
  [1m[36m (6.3ms)[0m  [1mCREATE TABLE "posts" ("id" serial primary key, "user_id" integer, "category" character varying, "title" character varying, "content" text, "timing" timestamp, "created_at" timestamp NOT NULL, "updated_at" timestamp NOT NULL) [0m
  [1m[35m (1.5ms)[0m  CREATE  INDEX  "index_posts_on_user_id" ON "posts"  ("user_id")
  [1m[36mSQL (0.4ms)[0m  [1mINSERT INTO "schema_migrations" ("version") VALUES ($1)[0m  [["version", "20150220223742"]]
  [1m[35m (0.7ms)[0m  COMMIT
Migrating to CreateCkeditorAssets (20150221162037)
  [1m[36m (0.4ms)[0m  [1mBEGIN[0m
DEPRECATION WARNING: `#timestamp` was called without specifying an option for `null`. In Rails 5, this behavior will change to `null: false`. You should manually specify `null: true` to prevent the behavior of your existing migrations from changing. (called from block in up at /Users/andrewmagdy/Github/untitled folder/Octablog/db/migrate/20150221162037_create_ckeditor_assets.rb:16)
  [1m[35m (7.2ms)[0m  CREATE TABLE "ckeditor_assets" ("id" serial primary key, "data_file_name" character varying NOT NULL, "data_content_type" character varying, "data_file_size" integer, "assetable_id" integer, "assetable_type" character varying(30), "type" character varying(30), "width" integer, "height" integer, "created_at" timestamp, "updated_at" timestamp) 
  [1m[36m (1.8ms)[0m  [1mCREATE  INDEX  "idx_ckeditor_assetable_type" ON "ckeditor_assets"  ("assetable_type", "type", "assetable_id")[0m
  [1m[35m (2.1ms)[0m  CREATE  INDEX  "idx_ckeditor_assetable" ON "ckeditor_assets"  ("assetable_type", "assetable_id")
  [1m[36mSQL (0.3ms)[0m  [1mINSERT INTO "schema_migrations" ("version") VALUES ($1)[0m  [["version", "20150221162037"]]
  [1m[35m (0.5ms)[0m  COMMIT
Migrating to CreateCateogries (20150221162038)
  [1m[36m (0.4ms)[0m  [1mBEGIN[0m
  [1m[35m (5.2ms)[0m  CREATE TABLE "cateogries" ("id" serial primary key, "name" character varying, "created_at" timestamp NOT NULL, "updated_at" timestamp NOT NULL) 
  [1m[36mSQL (0.2ms)[0m  [1mINSERT INTO "schema_migrations" ("version") VALUES ($1)[0m  [["version", "20150221162038"]]
  [1m[35m (0.5ms)[0m  COMMIT
Migrating to CreateCategories (20150221162039)
  [1m[36m (0.4ms)[0m  [1mBEGIN[0m
  [1m[35m (6.4ms)[0m  CREATE TABLE "categories" ("id" serial primary key, "name" character varying, "created_at" timestamp NOT NULL, "updated_at" timestamp NOT NULL) 
  [1m[36mSQL (0.2ms)[0m  [1mINSERT INTO "schema_migrations" ("version") VALUES ($1)[0m  [["version", "20150221162039"]]
  [1m[35m (0.5ms)[0m  COMMIT
Migrating to CreateHighScores (20150221185341)
  [1m[36m (0.4ms)[0m  [1mBEGIN[0m
  [1m[35m (5.4ms)[0m  CREATE TABLE "high_scores" ("id" serial primary key, "content" text, "created_at" timestamp NOT NULL, "updated_at" timestamp NOT NULL) 
  [1m[36mSQL (0.2ms)[0m  [1mINSERT INTO "schema_migrations" ("version") VALUES ($1)[0m  [["version", "20150221185341"]]
  [1m[35m (0.5ms)[0m  COMMIT
Migrating to CreateComments (20150221190128)
  [1m[36m (0.3ms)[0m  [1mBEGIN[0m
  [1m[35m (6.6ms)[0m  CREATE TABLE "comments" ("id" serial primary key, "content" text, "created_at" timestamp NOT NULL, "updated_at" timestamp NOT NULL) 
  [1m[36mSQL (0.1ms)[0m  [1mINSERT INTO "schema_migrations" ("version") VALUES ($1)[0m  [["version", "20150221190128"]]
  [1m[35m (0.5ms)[0m  COMMIT
Migrating to AddPostToComment (20150221202230)
  [1m[36m (0.3ms)[0m  [1mBEGIN[0m
  [1m[35mSQL (0.3ms)[0m  INSERT INTO "schema_migrations" ("version") VALUES ($1)  [["version", "20150221202230"]]
  [1m[36m (0.7ms)[0m  [1mCOMMIT[0m
Migrating to AddUserIdToComment (20150221202922)
  [1m[35m (0.3ms)[0m  BEGIN
  [1m[36m (0.5ms)[0m  [1mALTER TABLE "comments" ADD "user_id" integer[0m
  [1m[35mSQL (0.2ms)[0m  INSERT INTO "schema_migrations" ("version") VALUES ($1)  [["version", "20150221202922"]]
  [1m[36m (0.4ms)[0m  [1mCOMMIT[0m
Migrating to AddPostIdToComment (20150221202937)
  [1m[35m (0.2ms)[0m  BEGIN
  [1m[36m (0.4ms)[0m  [1mALTER TABLE "comments" ADD "post_id" integer[0m
  [1m[35mSQL (0.2ms)[0m  INSERT INTO "schema_migrations" ("version") VALUES ($1)  [["version", "20150221202937"]]
  [1m[36m (0.4ms)[0m  [1mCOMMIT[0m
Migrating to AddpictoUser (20150222204902)
  [1m[35m (0.1ms)[0m  BEGIN
  [1m[36mSQL (0.2ms)[0m  [1mINSERT INTO "schema_migrations" ("version") VALUES ($1)[0m  [["version", "20150222204902"]]
  [1m[35m (0.4ms)[0m  COMMIT
Migrating to AddDetailsToUser (20150222205352)
  [1m[36m (0.2ms)[0m  [1mBEGIN[0m
  [1m[35m (0.5ms)[0m  ALTER TABLE "users" ADD "pic" character varying
  [1m[36mSQL (0.2ms)[0m  [1mINSERT INTO "schema_migrations" ("version") VALUES ($1)[0m  [["version", "20150222205352"]]
  [1m[35m (0.3ms)[0m  COMMIT
  [1m[36mActiveRecord::SchemaMigration Load (0.2ms)[0m  [1mSELECT "schema_migrations".* FROM "schema_migrations"[0m
  [1m[35m (4.6ms)[0m  SELECT t2.oid::regclass::text AS to_table, a1.attname AS column, a2.attname AS primary_key, c.conname AS name, c.confupdtype AS on_update, c.confdeltype AS on_delete
FROM pg_constraint c
JOIN pg_class t1 ON c.conrelid = t1.oid
JOIN pg_class t2 ON c.confrelid = t2.oid
JOIN pg_attribute a1 ON a1.attnum = c.conkey[1] AND a1.attrelid = t1.oid
JOIN pg_attribute a2 ON a2.attnum = c.confkey[1] AND a2.attrelid = t2.oid
JOIN pg_namespace t3 ON c.connamespace = t3.oid
WHERE c.contype = 'f'
  AND t1.relname = 'categories'
  AND t3.nspname = ANY (current_schemas(false))
ORDER BY c.conname

  [1m[36m (3.8ms)[0m  [1mSELECT t2.oid::regclass::text AS to_table, a1.attname AS column, a2.attname AS primary_key, c.conname AS name, c.confupdtype AS on_update, c.confdeltype AS on_delete
FROM pg_constraint c
JOIN pg_class t1 ON c.conrelid = t1.oid
JOIN pg_class t2 ON c.confrelid = t2.oid
JOIN pg_attribute a1 ON a1.attnum = c.conkey[1] AND a1.attrelid = t1.oid
JOIN pg_attribute a2 ON a2.attnum = c.confkey[1] AND a2.attrelid = t2.oid
JOIN pg_namespace t3 ON c.connamespace = t3.oid
WHERE c.contype = 'f'
  AND t1.relname = 'cateogries'
  AND t3.nspname = ANY (current_schemas(false))
ORDER BY c.conname
[0m
  [1m[35m (3.6ms)[0m  SELECT t2.oid::regclass::text AS to_table, a1.attname AS column, a2.attname AS primary_key, c.conname AS name, c.confupdtype AS on_update, c.confdeltype AS on_delete
FROM pg_constraint c
JOIN pg_class t1 ON c.conrelid = t1.oid
JOIN pg_class t2 ON c.confrelid = t2.oid
JOIN pg_attribute a1 ON a1.attnum = c.conkey[1] AND a1.attrelid = t1.oid
JOIN pg_attribute a2 ON a2.attnum = c.confkey[1] AND a2.attrelid = t2.oid
JOIN pg_namespace t3 ON c.connamespace = t3.oid
WHERE c.contype = 'f'
  AND t1.relname = 'ckeditor_assets'
  AND t3.nspname = ANY (current_schemas(false))
ORDER BY c.conname

  [1m[36m (3.6ms)[0m  [1mSELECT t2.oid::regclass::text AS to_table, a1.attname AS column, a2.attname AS primary_key, c.conname AS name, c.confupdtype AS on_update, c.confdeltype AS on_delete
FROM pg_constraint c
JOIN pg_class t1 ON c.conrelid = t1.oid
JOIN pg_class t2 ON c.confrelid = t2.oid
JOIN pg_attribute a1 ON a1.attnum = c.conkey[1] AND a1.attrelid = t1.oid
JOIN pg_attribute a2 ON a2.attnum = c.confkey[1] AND a2.attrelid = t2.oid
JOIN pg_namespace t3 ON c.connamespace = t3.oid
WHERE c.contype = 'f'
  AND t1.relname = 'comments'
  AND t3.nspname = ANY (current_schemas(false))
ORDER BY c.conname
[0m
  [1m[35m (3.8ms)[0m  SELECT t2.oid::regclass::text AS to_table, a1.attname AS column, a2.attname AS primary_key, c.conname AS name, c.confupdtype AS on_update, c.confdeltype AS on_delete
FROM pg_constraint c
JOIN pg_class t1 ON c.conrelid = t1.oid
JOIN pg_class t2 ON c.confrelid = t2.oid
JOIN pg_attribute a1 ON a1.attnum = c.conkey[1] AND a1.attrelid = t1.oid
JOIN pg_attribute a2 ON a2.attnum = c.confkey[1] AND a2.attrelid = t2.oid
JOIN pg_namespace t3 ON c.connamespace = t3.oid
WHERE c.contype = 'f'
  AND t1.relname = 'high_scores'
  AND t3.nspname = ANY (current_schemas(false))
ORDER BY c.conname

  [1m[36m (3.6ms)[0m  [1mSELECT t2.oid::regclass::text AS to_table, a1.attname AS column, a2.attname AS primary_key, c.conname AS name, c.confupdtype AS on_update, c.confdeltype AS on_delete
FROM pg_constraint c
JOIN pg_class t1 ON c.conrelid = t1.oid
JOIN pg_class t2 ON c.confrelid = t2.oid
JOIN pg_attribute a1 ON a1.attnum = c.conkey[1] AND a1.attrelid = t1.oid
JOIN pg_attribute a2 ON a2.attnum = c.confkey[1] AND a2.attrelid = t2.oid
JOIN pg_namespace t3 ON c.connamespace = t3.oid
WHERE c.contype = 'f'
  AND t1.relname = 'posts'
  AND t3.nspname = ANY (current_schemas(false))
ORDER BY c.conname
[0m
  [1m[35m (3.6ms)[0m  SELECT t2.oid::regclass::text AS to_table, a1.attname AS column, a2.attname AS primary_key, c.conname AS name, c.confupdtype AS on_update, c.confdeltype AS on_delete
FROM pg_constraint c
JOIN pg_class t1 ON c.conrelid = t1.oid
JOIN pg_class t2 ON c.confrelid = t2.oid
JOIN pg_attribute a1 ON a1.attnum = c.conkey[1] AND a1.attrelid = t1.oid
JOIN pg_attribute a2 ON a2.attnum = c.confkey[1] AND a2.attrelid = t2.oid
JOIN pg_namespace t3 ON c.connamespace = t3.oid
WHERE c.contype = 'f'
  AND t1.relname = 'users'
  AND t3.nspname = ANY (current_schemas(false))
ORDER BY c.conname



Started GET "/" for ::1 at 2015-02-27 21:03:34 +0200
  [1m[36mActiveRecord::SchemaMigration Load (0.7ms)[0m  [1mSELECT "schema_migrations".* FROM "schema_migrations"[0m
Processing by PostsController#index as HTML
  [1m[35mPost Load (1.9ms)[0m  SELECT "posts".* FROM "posts"  ORDER BY id DESC
  [1m[36mCategory Load (0.8ms)[0m  [1mSELECT "categories".* FROM "categories"[0m
  [1m[35mUser Load (2.8ms)[0m  SELECT  "users".* FROM "users" WHERE "users"."id" = $1  ORDER BY "users"."id" ASC LIMIT 1  [["id", 1]]
  Rendered posts/index.html.erb within layouts/application (65.6ms)
Completed 200 OK in 3245ms (Views: 3184.2ms | ActiveRecord: 13.4ms)


Started GET "/assets/bootstrap-9fdc5384012490e37b7b0c4c96addfa3.css?body=1" for ::1 at 2015-02-27 21:03:38 +0200


Started GET "/assets/bootstrap.min-eae18f9434a76d2bd3b6e6ed1322c8d4.css?body=1" for ::1 at 2015-02-27 21:03:38 +0200


Started GET "/assets/dashboard-64e62ddc273c2f5847f30d698ca14b67.css?body=1" for ::1 at 2015-02-27 21:03:38 +0200


Started GET "/assets/categories-64e62ddc273c2f5847f30d698ca14b67.css?body=1" for ::1 at 2015-02-27 21:03:38 +0200


Started GET "/assets/home-64e62ddc273c2f5847f30d698ca14b67.css?body=1" for ::1 at 2015-02-27 21:03:38 +0200


Started GET "/assets/styles-6f3b8c3b4f0bb50f2ab4cbf120aa85ca.css?body=1" for ::1 at 2015-02-27 21:03:38 +0200


Started GET "/assets/jquery-87424c3c19e96d4fb033c10ebe21ec40.js?body=1" for ::1 at 2015-02-27 21:03:38 +0200


Started GET "/assets/jquery_ujs-e27bd20a10d28155845a22d71ef94f2f.js?body=1" for ::1 at 2015-02-27 21:03:38 +0200


Started GET "/assets/turbolinks-f87b3583ca50adb0488b031297f5580d.js?body=1" for ::1 at 2015-02-27 21:03:38 +0200


Started GET "/assets/categories-fcec5b5a277ac7c20cc9f45a209a3bcd.js?body=1" for ::1 at 2015-02-27 21:03:38 +0200


Started GET "/assets/comments-fcec5b5a277ac7c20cc9f45a209a3bcd.js?body=1" for ::1 at 2015-02-27 21:03:38 +0200


Started GET "/assets/dashboard-fcec5b5a277ac7c20cc9f45a209a3bcd.js?body=1" for ::1 at 2015-02-27 21:03:38 +0200


Started GET "/assets/high_scores-fcec5b5a277ac7c20cc9f45a209a3bcd.js?body=1" for ::1 at 2015-02-27 21:03:38 +0200


Started GET "/assets/home-fcec5b5a277ac7c20cc9f45a209a3bcd.js?body=1" for ::1 at 2015-02-27 21:03:38 +0200


Started GET "/assets/bootstrap/affix-31984abe1036c1c2f684af192191ce9f.js?body=1" for ::1 at 2015-02-27 21:03:38 +0200


Started GET "/assets/posts-fcec5b5a277ac7c20cc9f45a209a3bcd.js?body=1" for ::1 at 2015-02-27 21:03:38 +0200


Started GET "/assets/bootstrap/alert-7c03e11fecf6b3ef100f76ae4f08586e.js?body=1" for ::1 at 2015-02-27 21:03:38 +0200


Started GET "/assets/bootstrap/button-98bba85be4dcdd597554e0b7ce8e33a2.js?body=1" for ::1 at 2015-02-27 21:03:38 +0200


Started GET "/assets/bootstrap/carousel-93f34f850a932957c93b7605c79faf45.js?body=1" for ::1 at 2015-02-27 21:03:38 +0200


Started GET "/assets/bootstrap/collapse-7a82a3d4fb154ded3d2702465e21ca00.js?body=1" for ::1 at 2015-02-27 21:03:38 +0200


Started GET "/assets/bootstrap/dropdown-65c3929585250221f53bae696936ed44.js?body=1" for ::1 at 2015-02-27 21:03:38 +0200


Started GET "/assets/bootstrap/tab-a90a1841af8c1eae12bfa5283a8093b0.js?body=1" for ::1 at 2015-02-27 21:03:38 +0200


Started GET "/assets/bootstrap/transition-9e4de96204f41141474e9dbb59570af9.js?body=1" for ::1 at 2015-02-27 21:03:38 +0200


Started GET "/assets/bootstrap/scrollspy-e550695030be1d627d1ba91b14792316.js?body=1" for ::1 at 2015-02-27 21:03:38 +0200


Started GET "/assets/bootstrap/modal-ce380b9327d2cf6c826d8df818ea48a1.js?body=1" for ::1 at 2015-02-27 21:03:38 +0200


Started GET "/assets/bootstrap/tooltip-4d90d4ee015d2df34a7696864b2ea83c.js?body=1" for ::1 at 2015-02-27 21:03:38 +0200


Started GET "/assets/bootstrap/popover-5a060f876311e7fcb18f35058070de5a.js?body=1" for ::1 at 2015-02-27 21:03:38 +0200


Started GET "/assets/bootstrap-sprockets-00b1738c651720f44abc4bbf70bedb3e.js?body=1" for ::1 at 2015-02-27 21:03:38 +0200


Started GET "/assets/bootstrap-f069863cd7c15927c7faef4bba9fc907.js?body=1" for ::1 at 2015-02-27 21:03:38 +0200


Started GET "/fonts/glyphicons-halflings-regular.woff" for ::1 at 2015-02-27 21:03:41 +0200

ActionController::RoutingError (No route matches [GET] "/fonts/glyphicons-halflings-regular.woff"):
  web-console (2.0.0) lib/action_dispatch/debug_exceptions.rb:22:in `middleware_call'
  web-console (2.0.0) lib/action_dispatch/debug_exceptions.rb:13:in `call'
  actionpack (4.2.0) lib/action_dispatch/middleware/show_exceptions.rb:30:in `call'
  railties (4.2.0) lib/rails/rack/logger.rb:38:in `call_app'
  railties (4.2.0) lib/rails/rack/logger.rb:20:in `block in call'
  activesupport (4.2.0) lib/active_support/tagged_logging.rb:68:in `block in tagged'
  activesupport (4.2.0) lib/active_support/tagged_logging.rb:26:in `tagged'
  activesupport (4.2.0) lib/active_support/tagged_logging.rb:68:in `tagged'
  railties (4.2.0) lib/rails/rack/logger.rb:20:in `call'
  actionpack (4.2.0) lib/action_dispatch/middleware/request_id.rb:21:in `call'
  rack (1.6.0) lib/rack/methodoverride.rb:22:in `call'
  rack (1.6.0) lib/rack/runtime.rb:18:in `call'
  activesupport (4.2.0) lib/active_support/cache/strategy/local_cache_middleware.rb:28:in `call'
  rack (1.6.0) lib/rack/lock.rb:17:in `call'
  actionpack (4.2.0) lib/action_dispatch/middleware/static.rb:113:in `call'
  rack (1.6.0) lib/rack/sendfile.rb:113:in `call'
  railties (4.2.0) lib/rails/engine.rb:518:in `call'
  railties (4.2.0) lib/rails/application.rb:164:in `call'
  rack (1.6.0) lib/rack/lock.rb:17:in `call'
  rack (1.6.0) lib/rack/content_length.rb:15:in `call'
  rack (1.6.0) lib/rack/handler/webrick.rb:89:in `service'
  /System/Library/Frameworks/Ruby.framework/Versions/2.0/usr/lib/ruby/2.0.0/webrick/httpserver.rb:138:in `service'
  /System/Library/Frameworks/Ruby.framework/Versions/2.0/usr/lib/ruby/2.0.0/webrick/httpserver.rb:94:in `run'
  /System/Library/Frameworks/Ruby.framework/Versions/2.0/usr/lib/ruby/2.0.0/webrick/server.rb:295:in `block in start_thread'


  Rendered /Library/Ruby/Gems/2.0.0/gems/web-console-2.0.0/lib/action_dispatch/templates/rescues/_trace.html.erb (2.4ms)
  Rendered /Library/Ruby/Gems/2.0.0/gems/web-console-2.0.0/lib/action_dispatch/templates/routes/_route.html.erb (5.3ms)
  Rendered /Library/Ruby/Gems/2.0.0/gems/web-console-2.0.0/lib/action_dispatch/templates/routes/_route.html.erb (0.5ms)
  Rendered /Library/Ruby/Gems/2.0.0/gems/web-console-2.0.0/lib/action_dispatch/templates/routes/_table.html.erb (11.6ms)
  Rendered /Library/Ruby/Gems/2.0.0/gems/web-console-2.0.0/lib/action_dispatch/templates/rescues/_request_and_response.html.erb (2.2ms)
  Rendered /Library/Ruby/Gems/2.0.0/gems/web-console-2.0.0/lib/action_dispatch/templates/rescues/_web_console.html.erb (1.2ms)
  Rendered /Library/Ruby/Gems/2.0.0/gems/web-console-2.0.0/lib/action_dispatch/templates/rescues/routing_error.html.erb within rescues/layout (178.1ms)


Started GET "/assets/glyphicons-halflings-regular.woff" for ::1 at 2015-02-27 21:03:41 +0200


Started GET "/fonts/glyphicons-halflings-regular.ttf" for ::1 at 2015-02-27 21:03:41 +0200

ActionController::RoutingError (No route matches [GET] "/fonts/glyphicons-halflings-regular.ttf"):
  web-console (2.0.0) lib/action_dispatch/debug_exceptions.rb:22:in `middleware_call'
  web-console (2.0.0) lib/action_dispatch/debug_exceptions.rb:13:in `call'
  actionpack (4.2.0) lib/action_dispatch/middleware/show_exceptions.rb:30:in `call'
  railties (4.2.0) lib/rails/rack/logger.rb:38:in `call_app'
  railties (4.2.0) lib/rails/rack/logger.rb:20:in `block in call'
  activesupport (4.2.0) lib/active_support/tagged_logging.rb:68:in `block in tagged'
  activesupport (4.2.0) lib/active_support/tagged_logging.rb:26:in `tagged'
  activesupport (4.2.0) lib/active_support/tagged_logging.rb:68:in `tagged'
  railties (4.2.0) lib/rails/rack/logger.rb:20:in `call'
  actionpack (4.2.0) lib/action_dispatch/middleware/request_id.rb:21:in `call'
  rack (1.6.0) lib/rack/methodoverride.rb:22:in `call'
  rack (1.6.0) lib/rack/runtime.rb:18:in `call'
  activesupport (4.2.0) lib/active_support/cache/strategy/local_cache_middleware.rb:28:in `call'
  rack (1.6.0) lib/rack/lock.rb:17:in `call'
  actionpack (4.2.0) lib/action_dispatch/middleware/static.rb:113:in `call'
  rack (1.6.0) lib/rack/sendfile.rb:113:in `call'
  railties (4.2.0) lib/rails/engine.rb:518:in `call'
  railties (4.2.0) lib/rails/application.rb:164:in `call'
  rack (1.6.0) lib/rack/lock.rb:17:in `call'
  rack (1.6.0) lib/rack/content_length.rb:15:in `call'
  rack (1.6.0) lib/rack/handler/webrick.rb:89:in `service'
  /System/Library/Frameworks/Ruby.framework/Versions/2.0/usr/lib/ruby/2.0.0/webrick/httpserver.rb:138:in `service'
  /System/Library/Frameworks/Ruby.framework/Versions/2.0/usr/lib/ruby/2.0.0/webrick/httpserver.rb:94:in `run'
  /System/Library/Frameworks/Ruby.framework/Versions/2.0/usr/lib/ruby/2.0.0/webrick/server.rb:295:in `block in start_thread'


  Rendered /Library/Ruby/Gems/2.0.0/gems/web-console-2.0.0/lib/action_dispatch/templates/rescues/_trace.html.erb (1.5ms)
  Rendered /Library/Ruby/Gems/2.0.0/gems/web-console-2.0.0/lib/action_dispatch/templates/routes/_route.html.erb (3.8ms)
  Rendered /Library/Ruby/Gems/2.0.0/gems/web-console-2.0.0/lib/action_dispatch/templates/routes/_route.html.erb (0.7ms)
  Rendered /Library/Ruby/Gems/2.0.0/gems/web-console-2.0.0/lib/action_dispatch/templates/routes/_table.html.erb (2.1ms)
  Rendered /Library/Ruby/Gems/2.0.0/gems/web-console-2.0.0/lib/action_dispatch/templates/rescues/_request_and_response.html.erb (2.1ms)
  Rendered /Library/Ruby/Gems/2.0.0/gems/web-console-2.0.0/lib/action_dispatch/templates/rescues/_web_console.html.erb (1.1ms)
  Rendered /Library/Ruby/Gems/2.0.0/gems/web-console-2.0.0/lib/action_dispatch/templates/rescues/routing_error.html.erb within rescues/layout (184.9ms)


Started GET "/fonts/glyphicons-halflings-regular.svg" for ::1 at 2015-02-27 21:03:41 +0200

ActionController::RoutingError (No route matches [GET] "/fonts/glyphicons-halflings-regular.svg"):
  web-console (2.0.0) lib/action_dispatch/debug_exceptions.rb:22:in `middleware_call'
  web-console (2.0.0) lib/action_dispatch/debug_exceptions.rb:13:in `call'
  actionpack (4.2.0) lib/action_dispatch/middleware/show_exceptions.rb:30:in `call'
  railties (4.2.0) lib/rails/rack/logger.rb:38:in `call_app'
  railties (4.2.0) lib/rails/rack/logger.rb:20:in `block in call'
  activesupport (4.2.0) lib/active_support/tagged_logging.rb:68:in `block in tagged'
  activesupport (4.2.0) lib/active_support/tagged_logging.rb:26:in `tagged'
  activesupport (4.2.0) lib/active_support/tagged_logging.rb:68:in `tagged'
  railties (4.2.0) lib/rails/rack/logger.rb:20:in `call'
  actionpack (4.2.0) lib/action_dispatch/middleware/request_id.rb:21:in `call'
  rack (1.6.0) lib/rack/methodoverride.rb:22:in `call'
  rack (1.6.0) lib/rack/runtime.rb:18:in `call'
  activesupport (4.2.0) lib/active_support/cache/strategy/local_cache_middleware.rb:28:in `call'
  rack (1.6.0) lib/rack/lock.rb:17:in `call'
  actionpack (4.2.0) lib/action_dispatch/middleware/static.rb:113:in `call'
  rack (1.6.0) lib/rack/sendfile.rb:113:in `call'
  railties (4.2.0) lib/rails/engine.rb:518:in `call'
  railties (4.2.0) lib/rails/application.rb:164:in `call'
  rack (1.6.0) lib/rack/lock.rb:17:in `call'
  rack (1.6.0) lib/rack/content_length.rb:15:in `call'
  rack (1.6.0) lib/rack/handler/webrick.rb:89:in `service'
  /System/Library/Frameworks/Ruby.framework/Versions/2.0/usr/lib/ruby/2.0.0/webrick/httpserver.rb:138:in `service'
  /System/Library/Frameworks/Ruby.framework/Versions/2.0/usr/lib/ruby/2.0.0/webrick/httpserver.rb:94:in `run'
  /System/Library/Frameworks/Ruby.framework/Versions/2.0/usr/lib/ruby/2.0.0/webrick/server.rb:295:in `block in start_thread'


  Rendered /Library/Ruby/Gems/2.0.0/gems/web-console-2.0.0/lib/action_dispatch/templates/rescues/_trace.html.erb (1.3ms)
  Rendered /Library/Ruby/Gems/2.0.0/gems/web-console-2.0.0/lib/action_dispatch/templates/routes/_route.html.erb (3.8ms)
  Rendered /Library/Ruby/Gems/2.0.0/gems/web-console-2.0.0/lib/action_dispatch/templates/routes/_route.html.erb (0.4ms)
  Rendered /Library/Ruby/Gems/2.0.0/gems/web-console-2.0.0/lib/action_dispatch/templates/routes/_table.html.erb (1.2ms)
  Rendered /Library/Ruby/Gems/2.0.0/gems/web-console-2.0.0/lib/action_dispatch/templates/rescues/_request_and_response.html.erb (2.3ms)
  Rendered /Library/Ruby/Gems/2.0.0/gems/web-console-2.0.0/lib/action_dispatch/templates/rescues/_web_console.html.erb (1.2ms)
  Rendered /Library/Ruby/Gems/2.0.0/gems/web-console-2.0.0/lib/action_dispatch/templates/rescues/routing_error.html.erb within rescues/layout (54.1ms)


Started GET "/users/sign_in" for ::1 at 2015-02-27 21:03:43 +0200
Processing by Devise::SessionsController#new as HTML
  Rendered devise/shared/_links.html.erb (12.4ms)
  Rendered devise/sessions/new.html.erb within layouts/application (138.8ms)
Completed 200 OK in 524ms (Views: 505.9ms | ActiveRecord: 0.0ms)


Started GET "/" for ::1 at 2015-02-27 21:03:52 +0200
Processing by PostsController#index as HTML
  [1m[36mPost Load (0.6ms)[0m  [1mSELECT "posts".* FROM "posts"  ORDER BY id DESC[0m
  [1m[35mCategory Load (0.5ms)[0m  SELECT "categories".* FROM "categories"
  Rendered posts/index.html.erb within layouts/application (20.1ms)
Completed 200 OK in 405ms (Views: 401.8ms | ActiveRecord: 1.0ms)


Started GET "/" for ::1 at 2015-02-27 21:04:54 +0200
  [1m[36mActiveRecord::SchemaMigration Load (0.6ms)[0m  [1mSELECT "schema_migrations".* FROM "schema_migrations"[0m
Processing by PostsController#index as HTML
  [1m[35mPost Load (1.2ms)[0m  SELECT "posts".* FROM "posts"  ORDER BY id DESC
  [1m[36mCategory Load (0.5ms)[0m  [1mSELECT "categories".* FROM "categories"[0m
  Rendered posts/index.html.erb within layouts/application (36.9ms)
Completed 200 OK in 853ms (Views: 801.7ms | ActiveRecord: 4.0ms)


Started GET "/users/sign_in" for ::1 at 2015-02-27 21:04:57 +0200
Processing by Devise::SessionsController#new as HTML
  Rendered devise/shared/_links.html.erb (9.2ms)
  Rendered devise/sessions/new.html.erb within layouts/application (133.7ms)
Completed 200 OK in 492ms (Views: 469.6ms | ActiveRecord: 4.1ms)


Started GET "/" for ::1 at 2015-02-27 21:05:00 +0200
Processing by PostsController#index as HTML
  [1m[35mPost Load (0.6ms)[0m  SELECT "posts".* FROM "posts"  ORDER BY id DESC
  [1m[36mCategory Load (0.4ms)[0m  [1mSELECT "categories".* FROM "categories"[0m
  Rendered posts/index.html.erb within layouts/application (23.6ms)
Completed 200 OK in 378ms (Views: 375.6ms | ActiveRecord: 0.9ms)


Started GET "/users/sign_in" for ::1 at 2015-02-27 21:05:01 +0200
Processing by Devise::SessionsController#new as HTML
  Rendered devise/shared/_links.html.erb (6.4ms)
  Rendered devise/sessions/new.html.erb within layouts/application (17.7ms)
Completed 200 OK in 442ms (Views: 439.9ms | ActiveRecord: 0.0ms)


Started GET "/" for ::1 at 2015-02-27 21:05:39 +0200
Processing by PostsController#index as HTML
  [1m[35mPost Load (0.7ms)[0m  SELECT "posts".* FROM "posts"  ORDER BY id DESC
  [1m[36mCategory Load (0.4ms)[0m  [1mSELECT "categories".* FROM "categories"[0m
  Rendered posts/index.html.erb within layouts/application (26.8ms)
Completed 200 OK in 403ms (Views: 401.0ms | ActiveRecord: 1.0ms)


Started GET "/" for ::1 at 2015-02-27 21:05:39 +0200
Processing by PostsController#index as HTML
  [1m[35mPost Load (0.5ms)[0m  SELECT "posts".* FROM "posts"  ORDER BY id DESC
  [1m[36mCategory Load (0.4ms)[0m  [1mSELECT "categories".* FROM "categories"[0m
  Rendered posts/index.html.erb within layouts/application (16.5ms)
Completed 200 OK in 358ms (Views: 355.8ms | ActiveRecord: 0.9ms)


Started GET "/users/sign_up" for ::1 at 2015-02-27 21:05:41 +0200
Processing by Devise::RegistrationsController#new as HTML
  Rendered devise/registrations/new.html.erb within layouts/application (89.1ms)
Completed 500 Internal Server Error in 102ms

ActionView::Template::Error (undefined method `bootstrap_devise_error_messages!' for #<#<Class:0x007f982d5021f8>:0x007f982d509bb0>):
    1: <%= bootstrap_devise_error_messages! %>
    2: <h1 class="title">Octabot</h1>
    3: <div class="form-box">
    4: <div class="panel panel-default">
  app/views/devise/registrations/new.html.erb:1:in `_app_views_devise_registrations_new_html_erb___2424202107421252644_70145786020660'


  Rendered /Library/Ruby/Gems/2.0.0/gems/web-console-2.0.0/lib/action_dispatch/templates/rescues/_source.erb (72.2ms)
  Rendered /Library/Ruby/Gems/2.0.0/gems/web-console-2.0.0/lib/action_dispatch/templates/rescues/_trace.html.erb (5.5ms)
  Rendered /Library/Ruby/Gems/2.0.0/gems/web-console-2.0.0/lib/action_dispatch/templates/rescues/_request_and_response.html.erb (3.0ms)
  Rendered /Library/Ruby/Gems/2.0.0/gems/web-console-2.0.0/lib/action_dispatch/templates/rescues/_web_console.html.erb (1.0ms)
  Rendered /Library/Ruby/Gems/2.0.0/gems/web-console-2.0.0/lib/action_dispatch/templates/rescues/template_error.html.erb within rescues/layout (109.0ms)


Started GET "/users/sign_up" for ::1 at 2015-02-27 21:05:42 +0200
Processing by Devise::RegistrationsController#new as HTML
  Rendered devise/registrations/new.html.erb within layouts/application (24.3ms)
Completed 500 Internal Server Error in 31ms

ActionView::Template::Error (undefined method `bootstrap_devise_error_messages!' for #<#<Class:0x007f982d5021f8>:0x007f982d2ffdd8>):
    1: <%= bootstrap_devise_error_messages! %>
    2: <h1 class="title">Octabot</h1>
    3: <div class="form-box">
    4: <div class="panel panel-default">
  app/views/devise/registrations/new.html.erb:1:in `_app_views_devise_registrations_new_html_erb___2424202107421252644_70145786020660'


  Rendered /Library/Ruby/Gems/2.0.0/gems/web-console-2.0.0/lib/action_dispatch/templates/rescues/_source.erb (8.1ms)
  Rendered /Library/Ruby/Gems/2.0.0/gems/web-console-2.0.0/lib/action_dispatch/templates/rescues/_trace.html.erb (4.5ms)
  Rendered /Library/Ruby/Gems/2.0.0/gems/web-console-2.0.0/lib/action_dispatch/templates/rescues/_request_and_response.html.erb (1.1ms)
  Rendered /Library/Ruby/Gems/2.0.0/gems/web-console-2.0.0/lib/action_dispatch/templates/rescues/_web_console.html.erb (0.9ms)
  Rendered /Library/Ruby/Gems/2.0.0/gems/web-console-2.0.0/lib/action_dispatch/templates/rescues/template_error.html.erb within rescues/layout (33.3ms)


Started GET "/users/sign_up" for ::1 at 2015-02-27 21:06:33 +0200
Processing by Devise::RegistrationsController#new as HTML
  Rendered devise/shared/_links.html.erb (7.1ms)
  Rendered devise/registrations/new.html.erb within layouts/application (21.3ms)
Completed 200 OK in 461ms (Views: 459.7ms | ActiveRecord: 0.0ms)


Started GET "/users/sign_in" for ::1 at 2015-02-27 21:07:33 +0200
Processing by Devise::SessionsController#new as HTML
  Rendered devise/shared/_links.html.erb (5.8ms)
  Rendered devise/sessions/new.html.erb within layouts/application (18.7ms)
Completed 200 OK in 390ms (Views: 387.5ms | ActiveRecord: 0.0ms)
